[2022-10-30 09:12:16.764] [exthost] [info] Extension host with pid 902 started
[2022-10-30 09:12:16.769] [exthost] [info] Lock '/mnt/code/.vscode/User/workspaceStorage/64685498/vscode.lock': Lock acquired.
[2022-10-30 09:12:17.116] [exthost] [info] ExtensionService#_doActivateExtension vscode.html-language-features, startup: false, activationEvent: 'onLanguage:html'
[2022-10-30 09:12:17.167] [exthost] [info] ExtensionService#_doActivateExtension vscode.debug-auto-launch, startup: true, activationEvent: '*'
[2022-10-30 09:12:17.169] [exthost] [info] ExtensionService#_doActivateExtension vscode.git-base, startup: true, activationEvent: '*', root cause: vscode.github
[2022-10-30 09:12:17.175] [exthost] [info] ExtensionService#_doActivateExtension vscode.npm, startup: true, activationEvent: 'workspaceContains:package.json'
[2022-10-30 09:12:17.200] [exthost] [info] ExtensionService#_doActivateExtension ms-python.python, startup: true, activationEvent: 'workspaceContains:requirements.txt'
[2022-10-30 09:12:17.987] [exthost] [info] ExtensionService#_doActivateExtension vscode.git, startup: true, activationEvent: '*'
[2022-10-30 09:12:18.045] [exthost] [info] ExtensionService#_doActivateExtension vscode.github, startup: true, activationEvent: '*'
[2022-10-30 09:12:19.601] [exthost] [info] ExtensionService#_doActivateExtension vscode.emmet, startup: false, activationEvent: 'onStartupFinished'
[2022-10-30 09:12:19.695] [exthost] [info] ExtensionService#_doActivateExtension vscode.merge-conflict, startup: false, activationEvent: 'onStartupFinished'
[2022-10-30 09:12:19.699] [exthost] [info] Eager extensions activated
[2022-10-30 09:29:26.745] [exthost] [info] ExtensionService#_doActivateExtension vscode.configuration-editing, startup: false, activationEvent: 'onLanguage:json'
[2022-10-30 09:29:26.755] [exthost] [info] ExtensionService#_doActivateExtension vscode.extension-editing, startup: false, activationEvent: 'onLanguage:json'
[2022-10-30 09:29:26.801] [exthost] [info] ExtensionService#_doActivateExtension vscode.json-language-features, startup: false, activationEvent: 'onLanguage:json'
[2022-10-30 09:33:55.647] [exthost] [info] ExtensionService#_doActivateExtension vscode.css-language-features, startup: false, activationEvent: 'onLanguage:css'
[2022-10-30 09:34:06.492] [exthost] [info] ExtensionService#_doActivateExtension vscode.typescript-language-features, startup: false, activationEvent: 'onLanguage:javascript'
[2022-10-30 09:38:15.875] [exthost] [info] ExtensionService#_doActivateExtension ms-toolsai.jupyter, startup: false, activationEvent: 'onLanguage:python'
[2022-10-30 09:39:13.962] [exthost] [error] [ms-python.python] provider FAILED
[2022-10-30 09:39:13.962] [exthost] [error] TypeError: Cannot read property 'length' of undefined
	at /home/ubuntu/.local/share/code-server/extensions/ms-python.python-2021.12.1559732655/out/client/extension.js:67:257359
	at p (/home/ubuntu/.local/share/code-server/extensions/ms-python.python-2021.12.1559732655/out/client/extension.js:67:262355)
	at async z.provideCompletionItems (/usr/lib/code-server/vendor/modules/code-oss-dev/out/vs/server/remoteExtensionHostProcess.js:95:101392)
[2022-10-30 10:29:38.697] [exthost] [info] ExtensionService#_doActivateExtension vscode.image-preview, startup: false, activationEvent: 'onCustomEditor:imagePreview.previewEditor'
[2022-10-30 10:52:51.415] [exthost] [error] [ms-python.python] provider FAILED
[2022-10-30 10:52:51.415] [exthost] [error] TypeError: Cannot read property 'length' of undefined
	at /home/ubuntu/.local/share/code-server/extensions/ms-python.python-2021.12.1559732655/out/client/extension.js:67:257359
	at p (/home/ubuntu/.local/share/code-server/extensions/ms-python.python-2021.12.1559732655/out/client/extension.js:67:262355)
	at async z.provideCompletionItems (/usr/lib/code-server/vendor/modules/code-oss-dev/out/vs/server/remoteExtensionHostProcess.js:95:101392)
[2022-10-30 11:11:52.379] [exthost] [error] [ms-python.python] provider FAILED
[2022-10-30 11:11:52.379] [exthost] [error] TypeError: Cannot read property 'length' of undefined
	at /home/ubuntu/.local/share/code-server/extensions/ms-python.python-2021.12.1559732655/out/client/extension.js:67:257359
	at p (/home/ubuntu/.local/share/code-server/extensions/ms-python.python-2021.12.1559732655/out/client/extension.js:67:262355)
	at async z.provideCompletionItems (/usr/lib/code-server/vendor/modules/code-oss-dev/out/vs/server/remoteExtensionHostProcess.js:95:101392)
[2022-10-30 11:23:26.539] [exthost] [error] [ms-python.python] provider FAILED
[2022-10-30 11:23:26.539] [exthost] [error] TypeError: Cannot read property 'length' of undefined
	at /home/ubuntu/.local/share/code-server/extensions/ms-python.python-2021.12.1559732655/out/client/extension.js:67:257359
	at p (/home/ubuntu/.local/share/code-server/extensions/ms-python.python-2021.12.1559732655/out/client/extension.js:67:262355)
	at async z.provideCompletionItems (/usr/lib/code-server/vendor/modules/code-oss-dev/out/vs/server/remoteExtensionHostProcess.js:95:101392)
[2022-10-30 11:24:36.860] [exthost] [error] [ms-toolsai.jupyter] provider FAILED
[2022-10-30 11:24:36.860] [exthost] [error] Error: Unable to retrieve document from URI 'file:///mnt/code/app.py'
	at I.getDocument (/usr/lib/code-server/vendor/modules/code-oss-dev/out/vs/server/remoteExtensionHostProcess.js:95:70576)
	at c.provideHover (/usr/lib/code-server/vendor/modules/code-oss-dev/out/vs/server/remoteExtensionHostProcess.js:95:90836)
	at /usr/lib/code-server/vendor/modules/code-oss-dev/out/vs/server/remoteExtensionHostProcess.js:95:114943
	at xe._withAdapter (/usr/lib/code-server/vendor/modules/code-oss-dev/out/vs/server/remoteExtensionHostProcess.js:95:111762)
	at xe.$provideHover (/usr/lib/code-server/vendor/modules/code-oss-dev/out/vs/server/remoteExtensionHostProcess.js:95:114921)
	at t._doInvokeHandler (/usr/lib/code-server/vendor/modules/code-oss-dev/out/vs/server/remoteExtensionHostProcess.js:99:13802)
	at t._invokeHandler (/usr/lib/code-server/vendor/modules/code-oss-dev/out/vs/server/remoteExtensionHostProcess.js:99:13486)
	at t._receiveRequest (/usr/lib/code-server/vendor/modules/code-oss-dev/out/vs/server/remoteExtensionHostProcess.js:99:12097)
	at t._receiveOneMessage (/usr/lib/code-server/vendor/modules/code-oss-dev/out/vs/server/remoteExtensionHostProcess.js:99:10826)
	at /usr/lib/code-server/vendor/modules/code-oss-dev/out/vs/server/remoteExtensionHostProcess.js:99:8922
	at a.fire (/usr/lib/code-server/vendor/modules/code-oss-dev/out/vs/server/remoteExtensionHostProcess.js:66:1712)
	at P.fire (/usr/lib/code-server/vendor/modules/code-oss-dev/out/vs/server/remoteExtensionHostProcess.js:74:15967)
	at /usr/lib/code-server/vendor/modules/code-oss-dev/out/vs/server/remoteExtensionHostProcess.js:114:30660
	at a.fire (/usr/lib/code-server/vendor/modules/code-oss-dev/out/vs/server/remoteExtensionHostProcess.js:66:1712)
	at P.fire (/usr/lib/code-server/vendor/modules/code-oss-dev/out/vs/server/remoteExtensionHostProcess.js:74:15967)
	at g._receiveMessage (/usr/lib/code-server/vendor/modules/code-oss-dev/out/vs/server/remoteExtensionHostProcess.js:74:21237)
	at /usr/lib/code-server/vendor/modules/code-oss-dev/out/vs/server/remoteExtensionHostProcess.js:74:18115
	at a.fire (/usr/lib/code-server/vendor/modules/code-oss-dev/out/vs/server/remoteExtensionHostProcess.js:66:1712)
	at b.acceptChunk (/usr/lib/code-server/vendor/modules/code-oss-dev/out/vs/server/remoteExtensionHostProcess.js:74:13328)
	at /usr/lib/code-server/vendor/modules/code-oss-dev/out/vs/server/remoteExtensionHostProcess.js:74:12676
	at a.fire (/usr/lib/code-server/vendor/modules/code-oss-dev/out/vs/server/remoteExtensionHostProcess.js:66:1712)
	at /usr/lib/code-server/vendor/modules/code-oss-dev/out/vs/server/remoteExtensionHostProcess.js:114:19664
	at afterWrite (internal/streams/writable.js:466:5)
	at onwrite (internal/streams/writable.js:446:7)
	at InflateRaw.afterTransform (internal/streams/transform.js:103:3)
	at Zlib.processCallback (zlib.js:607:8)
[2022-10-30 11:24:36.860] [exthost] [error] [ms-python.python] provider FAILED
[2022-10-30 11:24:36.860] [exthost] [error] Error: Unable to retrieve document from URI 'file:///mnt/code/app.py'
	at I.getDocument (/usr/lib/code-server/vendor/modules/code-oss-dev/out/vs/server/remoteExtensionHostProcess.js:95:70576)
	at c.provideHover (/usr/lib/code-server/vendor/modules/code-oss-dev/out/vs/server/remoteExtensionHostProcess.js:95:90836)
	at /usr/lib/code-server/vendor/modules/code-oss-dev/out/vs/server/remoteExtensionHostProcess.js:95:114943
	at xe._withAdapter (/usr/lib/code-server/vendor/modules/code-oss-dev/out/vs/server/remoteExtensionHostProcess.js:95:111762)
	at xe.$provideHover (/usr/lib/code-server/vendor/modules/code-oss-dev/out/vs/server/remoteExtensionHostProcess.js:95:114921)
	at t._doInvokeHandler (/usr/lib/code-server/vendor/modules/code-oss-dev/out/vs/server/remoteExtensionHostProcess.js:99:13802)
	at t._invokeHandler (/usr/lib/code-server/vendor/modules/code-oss-dev/out/vs/server/remoteExtensionHostProcess.js:99:13486)
	at t._receiveRequest (/usr/lib/code-server/vendor/modules/code-oss-dev/out/vs/server/remoteExtensionHostProcess.js:99:12097)
	at t._receiveOneMessage (/usr/lib/code-server/vendor/modules/code-oss-dev/out/vs/server/remoteExtensionHostProcess.js:99:10826)
	at /usr/lib/code-server/vendor/modules/code-oss-dev/out/vs/server/remoteExtensionHostProcess.js:99:8922
	at a.fire (/usr/lib/code-server/vendor/modules/code-oss-dev/out/vs/server/remoteExtensionHostProcess.js:66:1712)
	at P.fire (/usr/lib/code-server/vendor/modules/code-oss-dev/out/vs/server/remoteExtensionHostProcess.js:74:15967)
	at /usr/lib/code-server/vendor/modules/code-oss-dev/out/vs/server/remoteExtensionHostProcess.js:114:30660
	at a.fire (/usr/lib/code-server/vendor/modules/code-oss-dev/out/vs/server/remoteExtensionHostProcess.js:66:1712)
	at P.fire (/usr/lib/code-server/vendor/modules/code-oss-dev/out/vs/server/remoteExtensionHostProcess.js:74:15967)
	at g._receiveMessage (/usr/lib/code-server/vendor/modules/code-oss-dev/out/vs/server/remoteExtensionHostProcess.js:74:21237)
	at /usr/lib/code-server/vendor/modules/code-oss-dev/out/vs/server/remoteExtensionHostProcess.js:74:18115
	at a.fire (/usr/lib/code-server/vendor/modules/code-oss-dev/out/vs/server/remoteExtensionHostProcess.js:66:1712)
	at b.acceptChunk (/usr/lib/code-server/vendor/modules/code-oss-dev/out/vs/server/remoteExtensionHostProcess.js:74:13328)
	at /usr/lib/code-server/vendor/modules/code-oss-dev/out/vs/server/remoteExtensionHostProcess.js:74:12676
	at a.fire (/usr/lib/code-server/vendor/modules/code-oss-dev/out/vs/server/remoteExtensionHostProcess.js:66:1712)
	at /usr/lib/code-server/vendor/modules/code-oss-dev/out/vs/server/remoteExtensionHostProcess.js:114:19664
	at afterWrite (internal/streams/writable.js:466:5)
	at onwrite (internal/streams/writable.js:446:7)
	at InflateRaw.afterTransform (internal/streams/transform.js:103:3)
	at Zlib.processCallback (zlib.js:607:8)
[2022-10-30 11:24:37.196] [exthost] [error] [ms-toolsai.jupyter] provider FAILED
[2022-10-30 11:24:37.196] [exthost] [error] Error: Unable to retrieve document from URI 'file:///mnt/code/app.py'
	at I.getDocument (/usr/lib/code-server/vendor/modules/code-oss-dev/out/vs/server/remoteExtensionHostProcess.js:95:70576)
	at c.provideHover (/usr/lib/code-server/vendor/modules/code-oss-dev/out/vs/server/remoteExtensionHostProcess.js:95:90836)
	at /usr/lib/code-server/vendor/modules/code-oss-dev/out/vs/server/remoteExtensionHostProcess.js:95:114943
	at xe._withAdapter (/usr/lib/code-server/vendor/modules/code-oss-dev/out/vs/server/remoteExtensionHostProcess.js:95:111762)
	at xe.$provideHover (/usr/lib/code-server/vendor/modules/code-oss-dev/out/vs/server/remoteExtensionHostProcess.js:95:114921)
	at t._doInvokeHandler (/usr/lib/code-server/vendor/modules/code-oss-dev/out/vs/server/remoteExtensionHostProcess.js:99:13802)
	at t._invokeHandler (/usr/lib/code-server/vendor/modules/code-oss-dev/out/vs/server/remoteExtensionHostProcess.js:99:13486)
	at t._receiveRequest (/usr/lib/code-server/vendor/modules/code-oss-dev/out/vs/server/remoteExtensionHostProcess.js:99:12097)
	at t._receiveOneMessage (/usr/lib/code-server/vendor/modules/code-oss-dev/out/vs/server/remoteExtensionHostProcess.js:99:10826)
	at /usr/lib/code-server/vendor/modules/code-oss-dev/out/vs/server/remoteExtensionHostProcess.js:99:8922
	at a.fire (/usr/lib/code-server/vendor/modules/code-oss-dev/out/vs/server/remoteExtensionHostProcess.js:66:1712)
	at P.fire (/usr/lib/code-server/vendor/modules/code-oss-dev/out/vs/server/remoteExtensionHostProcess.js:74:15967)
	at /usr/lib/code-server/vendor/modules/code-oss-dev/out/vs/server/remoteExtensionHostProcess.js:114:30660
	at a.fire (/usr/lib/code-server/vendor/modules/code-oss-dev/out/vs/server/remoteExtensionHostProcess.js:66:1712)
	at P.fire (/usr/lib/code-server/vendor/modules/code-oss-dev/out/vs/server/remoteExtensionHostProcess.js:74:15967)
	at g._receiveMessage (/usr/lib/code-server/vendor/modules/code-oss-dev/out/vs/server/remoteExtensionHostProcess.js:74:21237)
	at /usr/lib/code-server/vendor/modules/code-oss-dev/out/vs/server/remoteExtensionHostProcess.js:74:18115
	at a.fire (/usr/lib/code-server/vendor/modules/code-oss-dev/out/vs/server/remoteExtensionHostProcess.js:66:1712)
	at b.acceptChunk (/usr/lib/code-server/vendor/modules/code-oss-dev/out/vs/server/remoteExtensionHostProcess.js:74:13328)
	at /usr/lib/code-server/vendor/modules/code-oss-dev/out/vs/server/remoteExtensionHostProcess.js:74:12676
	at a.fire (/usr/lib/code-server/vendor/modules/code-oss-dev/out/vs/server/remoteExtensionHostProcess.js:66:1712)
	at /usr/lib/code-server/vendor/modules/code-oss-dev/out/vs/server/remoteExtensionHostProcess.js:114:19664
	at afterWrite (internal/streams/writable.js:466:5)
	at onwrite (internal/streams/writable.js:446:7)
	at InflateRaw.afterTransform (internal/streams/transform.js:103:3)
	at Zlib.processCallback (zlib.js:607:8)
[2022-10-30 11:24:37.197] [exthost] [error] [ms-python.python] provider FAILED
[2022-10-30 11:24:37.197] [exthost] [error] Error: Unable to retrieve document from URI 'file:///mnt/code/app.py'
	at I.getDocument (/usr/lib/code-server/vendor/modules/code-oss-dev/out/vs/server/remoteExtensionHostProcess.js:95:70576)
	at c.provideHover (/usr/lib/code-server/vendor/modules/code-oss-dev/out/vs/server/remoteExtensionHostProcess.js:95:90836)
	at /usr/lib/code-server/vendor/modules/code-oss-dev/out/vs/server/remoteExtensionHostProcess.js:95:114943
	at xe._withAdapter (/usr/lib/code-server/vendor/modules/code-oss-dev/out/vs/server/remoteExtensionHostProcess.js:95:111762)
	at xe.$provideHover (/usr/lib/code-server/vendor/modules/code-oss-dev/out/vs/server/remoteExtensionHostProcess.js:95:114921)
	at t._doInvokeHandler (/usr/lib/code-server/vendor/modules/code-oss-dev/out/vs/server/remoteExtensionHostProcess.js:99:13802)
	at t._invokeHandler (/usr/lib/code-server/vendor/modules/code-oss-dev/out/vs/server/remoteExtensionHostProcess.js:99:13486)
	at t._receiveRequest (/usr/lib/code-server/vendor/modules/code-oss-dev/out/vs/server/remoteExtensionHostProcess.js:99:12097)
	at t._receiveOneMessage (/usr/lib/code-server/vendor/modules/code-oss-dev/out/vs/server/remoteExtensionHostProcess.js:99:10826)
	at /usr/lib/code-server/vendor/modules/code-oss-dev/out/vs/server/remoteExtensionHostProcess.js:99:8922
	at a.fire (/usr/lib/code-server/vendor/modules/code-oss-dev/out/vs/server/remoteExtensionHostProcess.js:66:1712)
	at P.fire (/usr/lib/code-server/vendor/modules/code-oss-dev/out/vs/server/remoteExtensionHostProcess.js:74:15967)
	at /usr/lib/code-server/vendor/modules/code-oss-dev/out/vs/server/remoteExtensionHostProcess.js:114:30660
	at a.fire (/usr/lib/code-server/vendor/modules/code-oss-dev/out/vs/server/remoteExtensionHostProcess.js:66:1712)
	at P.fire (/usr/lib/code-server/vendor/modules/code-oss-dev/out/vs/server/remoteExtensionHostProcess.js:74:15967)
	at g._receiveMessage (/usr/lib/code-server/vendor/modules/code-oss-dev/out/vs/server/remoteExtensionHostProcess.js:74:21237)
	at /usr/lib/code-server/vendor/modules/code-oss-dev/out/vs/server/remoteExtensionHostProcess.js:74:18115
	at a.fire (/usr/lib/code-server/vendor/modules/code-oss-dev/out/vs/server/remoteExtensionHostProcess.js:66:1712)
	at b.acceptChunk (/usr/lib/code-server/vendor/modules/code-oss-dev/out/vs/server/remoteExtensionHostProcess.js:74:13328)
	at /usr/lib/code-server/vendor/modules/code-oss-dev/out/vs/server/remoteExtensionHostProcess.js:74:12676
	at a.fire (/usr/lib/code-server/vendor/modules/code-oss-dev/out/vs/server/remoteExtensionHostProcess.js:66:1712)
	at /usr/lib/code-server/vendor/modules/code-oss-dev/out/vs/server/remoteExtensionHostProcess.js:114:19664
	at afterWrite (internal/streams/writable.js:466:5)
	at onwrite (internal/streams/writable.js:446:7)
	at InflateRaw.afterTransform (internal/streams/transform.js:103:3)
	at Zlib.processCallback (zlib.js:607:8)
[2022-10-30 11:24:37.197] [exthost] [error] [ms-python.python] provider FAILED
[2022-10-30 11:24:37.197] [exthost] [error] Error: Unable to retrieve document from URI 'file:///mnt/code/app.py'
	at I.getDocument (/usr/lib/code-server/vendor/modules/code-oss-dev/out/vs/server/remoteExtensionHostProcess.js:95:70576)
	at h.provideDocumentHighlights (/usr/lib/code-server/vendor/modules/code-oss-dev/out/vs/server/remoteExtensionHostProcess.js:95:91762)
	at /usr/lib/code-server/vendor/modules/code-oss-dev/out/vs/server/remoteExtensionHostProcess.js:95:116186
	at xe._withAdapter (/usr/lib/code-server/vendor/modules/code-oss-dev/out/vs/server/remoteExtensionHostProcess.js:95:111762)
	at xe.$provideDocumentHighlights (/usr/lib/code-server/vendor/modules/code-oss-dev/out/vs/server/remoteExtensionHostProcess.js:95:116164)
	at t._doInvokeHandler (/usr/lib/code-server/vendor/modules/code-oss-dev/out/vs/server/remoteExtensionHostProcess.js:99:13802)
	at t._invokeHandler (/usr/lib/code-server/vendor/modules/code-oss-dev/out/vs/server/remoteExtensionHostProcess.js:99:13486)
	at t._receiveRequest (/usr/lib/code-server/vendor/modules/code-oss-dev/out/vs/server/remoteExtensionHostProcess.js:99:12097)
	at t._receiveOneMessage (/usr/lib/code-server/vendor/modules/code-oss-dev/out/vs/server/remoteExtensionHostProcess.js:99:10826)
	at /usr/lib/code-server/vendor/modules/code-oss-dev/out/vs/server/remoteExtensionHostProcess.js:99:8922
	at a.fire (/usr/lib/code-server/vendor/modules/code-oss-dev/out/vs/server/remoteExtensionHostProcess.js:66:1712)
	at P.fire (/usr/lib/code-server/vendor/modules/code-oss-dev/out/vs/server/remoteExtensionHostProcess.js:74:15967)
	at /usr/lib/code-server/vendor/modules/code-oss-dev/out/vs/server/remoteExtensionHostProcess.js:114:30660
	at a.fire (/usr/lib/code-server/vendor/modules/code-oss-dev/out/vs/server/remoteExtensionHostProcess.js:66:1712)
	at P.fire (/usr/lib/code-server/vendor/modules/code-oss-dev/out/vs/server/remoteExtensionHostProcess.js:74:15967)
	at g._receiveMessage (/usr/lib/code-server/vendor/modules/code-oss-dev/out/vs/server/remoteExtensionHostProcess.js:74:21237)
	at /usr/lib/code-server/vendor/modules/code-oss-dev/out/vs/server/remoteExtensionHostProcess.js:74:18115
	at a.fire (/usr/lib/code-server/vendor/modules/code-oss-dev/out/vs/server/remoteExtensionHostProcess.js:66:1712)
	at b.acceptChunk (/usr/lib/code-server/vendor/modules/code-oss-dev/out/vs/server/remoteExtensionHostProcess.js:74:13328)
	at /usr/lib/code-server/vendor/modules/code-oss-dev/out/vs/server/remoteExtensionHostProcess.js:74:12676
	at a.fire (/usr/lib/code-server/vendor/modules/code-oss-dev/out/vs/server/remoteExtensionHostProcess.js:66:1712)
	at /usr/lib/code-server/vendor/modules/code-oss-dev/out/vs/server/remoteExtensionHostProcess.js:114:19664
	at afterWrite (internal/streams/writable.js:466:5)
	at onwrite (internal/streams/writable.js:446:7)
	at InflateRaw.afterTransform (internal/streams/transform.js:103:3)
	at Zlib.processCallback (zlib.js:607:8)
[2022-10-30 11:24:37.532] [exthost] [error] [ms-python.python] provider FAILED
[2022-10-30 11:24:37.532] [exthost] [error] Error: Unable to retrieve document from URI 'file:///mnt/code/app.py'
	at I.getDocument (/usr/lib/code-server/vendor/modules/code-oss-dev/out/vs/server/remoteExtensionHostProcess.js:95:70576)
	at o.provideDefinition (/usr/lib/code-server/vendor/modules/code-oss-dev/out/vs/server/remoteExtensionHostProcess.js:95:89959)
	at /usr/lib/code-server/vendor/modules/code-oss-dev/out/vs/server/remoteExtensionHostProcess.js:95:113665
	at xe._withAdapter (/usr/lib/code-server/vendor/modules/code-oss-dev/out/vs/server/remoteExtensionHostProcess.js:95:111762)
	at xe.$provideDefinition (/usr/lib/code-server/vendor/modules/code-oss-dev/out/vs/server/remoteExtensionHostProcess.js:95:113643)
	at t._doInvokeHandler (/usr/lib/code-server/vendor/modules/code-oss-dev/out/vs/server/remoteExtensionHostProcess.js:99:13802)
	at t._invokeHandler (/usr/lib/code-server/vendor/modules/code-oss-dev/out/vs/server/remoteExtensionHostProcess.js:99:13486)
	at t._receiveRequest (/usr/lib/code-server/vendor/modules/code-oss-dev/out/vs/server/remoteExtensionHostProcess.js:99:12097)
	at t._receiveOneMessage (/usr/lib/code-server/vendor/modules/code-oss-dev/out/vs/server/remoteExtensionHostProcess.js:99:10826)
	at /usr/lib/code-server/vendor/modules/code-oss-dev/out/vs/server/remoteExtensionHostProcess.js:99:8922
	at a.fire (/usr/lib/code-server/vendor/modules/code-oss-dev/out/vs/server/remoteExtensionHostProcess.js:66:1712)
	at P.fire (/usr/lib/code-server/vendor/modules/code-oss-dev/out/vs/server/remoteExtensionHostProcess.js:74:15967)
	at /usr/lib/code-server/vendor/modules/code-oss-dev/out/vs/server/remoteExtensionHostProcess.js:114:30660
	at a.fire (/usr/lib/code-server/vendor/modules/code-oss-dev/out/vs/server/remoteExtensionHostProcess.js:66:1712)
	at P.fire (/usr/lib/code-server/vendor/modules/code-oss-dev/out/vs/server/remoteExtensionHostProcess.js:74:15967)
	at g._receiveMessage (/usr/lib/code-server/vendor/modules/code-oss-dev/out/vs/server/remoteExtensionHostProcess.js:74:21237)
	at /usr/lib/code-server/vendor/modules/code-oss-dev/out/vs/server/remoteExtensionHostProcess.js:74:18115
	at a.fire (/usr/lib/code-server/vendor/modules/code-oss-dev/out/vs/server/remoteExtensionHostProcess.js:66:1712)
	at b.acceptChunk (/usr/lib/code-server/vendor/modules/code-oss-dev/out/vs/server/remoteExtensionHostProcess.js:74:13328)
	at /usr/lib/code-server/vendor/modules/code-oss-dev/out/vs/server/remoteExtensionHostProcess.js:74:12676
	at a.fire (/usr/lib/code-server/vendor/modules/code-oss-dev/out/vs/server/remoteExtensionHostProcess.js:66:1712)
	at /usr/lib/code-server/vendor/modules/code-oss-dev/out/vs/server/remoteExtensionHostProcess.js:114:19664
	at afterWrite (internal/streams/writable.js:466:5)
	at onwrite (internal/streams/writable.js:446:7)
	at InflateRaw.afterTransform (internal/streams/transform.js:103:3)
	at Zlib.processCallback (zlib.js:607:8)
[2022-10-30 11:24:37.533] [exthost] [error] [ms-toolsai.jupyter] provider FAILED
[2022-10-30 11:24:37.533] [exthost] [error] Error: Unable to retrieve document from URI 'file:///mnt/code/app.py'
	at I.getDocument (/usr/lib/code-server/vendor/modules/code-oss-dev/out/vs/server/remoteExtensionHostProcess.js:95:70576)
	at A.provideCodeActions (/usr/lib/code-server/vendor/modules/code-oss-dev/out/vs/server/remoteExtensionHostProcess.js:95:92816)
	at /usr/lib/code-server/vendor/modules/code-oss-dev/out/vs/server/remoteExtensionHostProcess.js:95:117665
	at xe._withAdapter (/usr/lib/code-server/vendor/modules/code-oss-dev/out/vs/server/remoteExtensionHostProcess.js:95:111762)
	at xe.$provideCodeActions (/usr/lib/code-server/vendor/modules/code-oss-dev/out/vs/server/remoteExtensionHostProcess.js:95:117641)
	at t._doInvokeHandler (/usr/lib/code-server/vendor/modules/code-oss-dev/out/vs/server/remoteExtensionHostProcess.js:99:13802)
	at t._invokeHandler (/usr/lib/code-server/vendor/modules/code-oss-dev/out/vs/server/remoteExtensionHostProcess.js:99:13486)
	at t._receiveRequest (/usr/lib/code-server/vendor/modules/code-oss-dev/out/vs/server/remoteExtensionHostProcess.js:99:12097)
	at t._receiveOneMessage (/usr/lib/code-server/vendor/modules/code-oss-dev/out/vs/server/remoteExtensionHostProcess.js:99:10826)
	at /usr/lib/code-server/vendor/modules/code-oss-dev/out/vs/server/remoteExtensionHostProcess.js:99:8922
	at a.fire (/usr/lib/code-server/vendor/modules/code-oss-dev/out/vs/server/remoteExtensionHostProcess.js:66:1712)
	at P.fire (/usr/lib/code-server/vendor/modules/code-oss-dev/out/vs/server/remoteExtensionHostProcess.js:74:15967)
	at /usr/lib/code-server/vendor/modules/code-oss-dev/out/vs/server/remoteExtensionHostProcess.js:114:30660
	at a.fire (/usr/lib/code-server/vendor/modules/code-oss-dev/out/vs/server/remoteExtensionHostProcess.js:66:1712)
	at P.fire (/usr/lib/code-server/vendor/modules/code-oss-dev/out/vs/server/remoteExtensionHostProcess.js:74:15967)
	at g._receiveMessage (/usr/lib/code-server/vendor/modules/code-oss-dev/out/vs/server/remoteExtensionHostProcess.js:74:21237)
	at /usr/lib/code-server/vendor/modules/code-oss-dev/out/vs/server/remoteExtensionHostProcess.js:74:18115
	at a.fire (/usr/lib/code-server/vendor/modules/code-oss-dev/out/vs/server/remoteExtensionHostProcess.js:66:1712)
	at b.acceptChunk (/usr/lib/code-server/vendor/modules/code-oss-dev/out/vs/server/remoteExtensionHostProcess.js:74:13328)
	at /usr/lib/code-server/vendor/modules/code-oss-dev/out/vs/server/remoteExtensionHostProcess.js:74:12676
	at a.fire (/usr/lib/code-server/vendor/modules/code-oss-dev/out/vs/server/remoteExtensionHostProcess.js:66:1712)
	at /usr/lib/code-server/vendor/modules/code-oss-dev/out/vs/server/remoteExtensionHostProcess.js:114:19664
	at afterWrite (internal/streams/writable.js:466:5)
	at onwrite (internal/streams/writable.js:446:7)
	at InflateRaw.afterTransform (internal/streams/transform.js:103:3)
	at Zlib.processCallback (zlib.js:607:8)
[2022-10-30 11:24:37.533] [exthost] [error] [ms-python.python] provider FAILED
[2022-10-30 11:24:37.533] [exthost] [error] Error: Unable to retrieve document from URI 'file:///mnt/code/app.py'
	at I.getDocument (/usr/lib/code-server/vendor/modules/code-oss-dev/out/vs/server/remoteExtensionHostProcess.js:95:70576)
	at A.provideCodeActions (/usr/lib/code-server/vendor/modules/code-oss-dev/out/vs/server/remoteExtensionHostProcess.js:95:92816)
	at /usr/lib/code-server/vendor/modules/code-oss-dev/out/vs/server/remoteExtensionHostProcess.js:95:117665
	at xe._withAdapter (/usr/lib/code-server/vendor/modules/code-oss-dev/out/vs/server/remoteExtensionHostProcess.js:95:111762)
	at xe.$provideCodeActions (/usr/lib/code-server/vendor/modules/code-oss-dev/out/vs/server/remoteExtensionHostProcess.js:95:117641)
	at t._doInvokeHandler (/usr/lib/code-server/vendor/modules/code-oss-dev/out/vs/server/remoteExtensionHostProcess.js:99:13802)
	at t._invokeHandler (/usr/lib/code-server/vendor/modules/code-oss-dev/out/vs/server/remoteExtensionHostProcess.js:99:13486)
	at t._receiveRequest (/usr/lib/code-server/vendor/modules/code-oss-dev/out/vs/server/remoteExtensionHostProcess.js:99:12097)
	at t._receiveOneMessage (/usr/lib/code-server/vendor/modules/code-oss-dev/out/vs/server/remoteExtensionHostProcess.js:99:10826)
	at /usr/lib/code-server/vendor/modules/code-oss-dev/out/vs/server/remoteExtensionHostProcess.js:99:8922
	at a.fire (/usr/lib/code-server/vendor/modules/code-oss-dev/out/vs/server/remoteExtensionHostProcess.js:66:1712)
	at P.fire (/usr/lib/code-server/vendor/modules/code-oss-dev/out/vs/server/remoteExtensionHostProcess.js:74:15967)
	at /usr/lib/code-server/vendor/modules/code-oss-dev/out/vs/server/remoteExtensionHostProcess.js:114:30660
	at a.fire (/usr/lib/code-server/vendor/modules/code-oss-dev/out/vs/server/remoteExtensionHostProcess.js:66:1712)
	at P.fire (/usr/lib/code-server/vendor/modules/code-oss-dev/out/vs/server/remoteExtensionHostProcess.js:74:15967)
	at g._receiveMessage (/usr/lib/code-server/vendor/modules/code-oss-dev/out/vs/server/remoteExtensionHostProcess.js:74:21237)
	at /usr/lib/code-server/vendor/modules/code-oss-dev/out/vs/server/remoteExtensionHostProcess.js:74:18115
	at a.fire (/usr/lib/code-server/vendor/modules/code-oss-dev/out/vs/server/remoteExtensionHostProcess.js:66:1712)
	at b.acceptChunk (/usr/lib/code-server/vendor/modules/code-oss-dev/out/vs/server/remoteExtensionHostProcess.js:74:13328)
	at /usr/lib/code-server/vendor/modules/code-oss-dev/out/vs/server/remoteExtensionHostProcess.js:74:12676
	at a.fire (/usr/lib/code-server/vendor/modules/code-oss-dev/out/vs/server/remoteExtensionHostProcess.js:66:1712)
	at /usr/lib/code-server/vendor/modules/code-oss-dev/out/vs/server/remoteExtensionHostProcess.js:114:19664
	at afterWrite (internal/streams/writable.js:466:5)
	at onwrite (internal/streams/writable.js:446:7)
	at InflateRaw.afterTransform (internal/streams/transform.js:103:3)
	at Zlib.processCallback (zlib.js:607:8)
[2022-10-30 11:24:37.888] [exthost] [error] [ms-toolsai.jupyter] provider FAILED
[2022-10-30 11:24:37.888] [exthost] [error] Error: Unable to retrieve document from URI 'file:///mnt/code/app.py'
	at I.getDocument (/usr/lib/code-server/vendor/modules/code-oss-dev/out/vs/server/remoteExtensionHostProcess.js:95:70576)
	at A.provideCodeActions (/usr/lib/code-server/vendor/modules/code-oss-dev/out/vs/server/remoteExtensionHostProcess.js:95:92816)
	at /usr/lib/code-server/vendor/modules/code-oss-dev/out/vs/server/remoteExtensionHostProcess.js:95:117665
	at xe._withAdapter (/usr/lib/code-server/vendor/modules/code-oss-dev/out/vs/server/remoteExtensionHostProcess.js:95:111762)
	at xe.$provideCodeActions (/usr/lib/code-server/vendor/modules/code-oss-dev/out/vs/server/remoteExtensionHostProcess.js:95:117641)
	at t._doInvokeHandler (/usr/lib/code-server/vendor/modules/code-oss-dev/out/vs/server/remoteExtensionHostProcess.js:99:13802)
	at t._invokeHandler (/usr/lib/code-server/vendor/modules/code-oss-dev/out/vs/server/remoteExtensionHostProcess.js:99:13486)
	at t._receiveRequest (/usr/lib/code-server/vendor/modules/code-oss-dev/out/vs/server/remoteExtensionHostProcess.js:99:12097)
	at t._receiveOneMessage (/usr/lib/code-server/vendor/modules/code-oss-dev/out/vs/server/remoteExtensionHostProcess.js:99:10826)
	at /usr/lib/code-server/vendor/modules/code-oss-dev/out/vs/server/remoteExtensionHostProcess.js:99:8922
	at a.fire (/usr/lib/code-server/vendor/modules/code-oss-dev/out/vs/server/remoteExtensionHostProcess.js:66:1712)
	at P.fire (/usr/lib/code-server/vendor/modules/code-oss-dev/out/vs/server/remoteExtensionHostProcess.js:74:15967)
	at /usr/lib/code-server/vendor/modules/code-oss-dev/out/vs/server/remoteExtensionHostProcess.js:114:30660
	at a.fire (/usr/lib/code-server/vendor/modules/code-oss-dev/out/vs/server/remoteExtensionHostProcess.js:66:1712)
	at P.fire (/usr/lib/code-server/vendor/modules/code-oss-dev/out/vs/server/remoteExtensionHostProcess.js:74:15967)
	at g._receiveMessage (/usr/lib/code-server/vendor/modules/code-oss-dev/out/vs/server/remoteExtensionHostProcess.js:74:21237)
	at /usr/lib/code-server/vendor/modules/code-oss-dev/out/vs/server/remoteExtensionHostProcess.js:74:18115
	at a.fire (/usr/lib/code-server/vendor/modules/code-oss-dev/out/vs/server/remoteExtensionHostProcess.js:66:1712)
	at b.acceptChunk (/usr/lib/code-server/vendor/modules/code-oss-dev/out/vs/server/remoteExtensionHostProcess.js:74:13328)
	at /usr/lib/code-server/vendor/modules/code-oss-dev/out/vs/server/remoteExtensionHostProcess.js:74:12676
	at a.fire (/usr/lib/code-server/vendor/modules/code-oss-dev/out/vs/server/remoteExtensionHostProcess.js:66:1712)
	at /usr/lib/code-server/vendor/modules/code-oss-dev/out/vs/server/remoteExtensionHostProcess.js:114:19664
	at afterWrite (internal/streams/writable.js:466:5)
	at onwrite (internal/streams/writable.js:446:7)
	at InflateRaw.afterTransform (internal/streams/transform.js:103:3)
	at Zlib.processCallback (zlib.js:607:8)
[2022-10-30 11:24:37.889] [exthost] [error] [ms-python.python] provider FAILED
[2022-10-30 11:24:37.889] [exthost] [error] Error: Unable to retrieve document from URI 'file:///mnt/code/app.py'
	at I.getDocument (/usr/lib/code-server/vendor/modules/code-oss-dev/out/vs/server/remoteExtensionHostProcess.js:95:70576)
	at A.provideCodeActions (/usr/lib/code-server/vendor/modules/code-oss-dev/out/vs/server/remoteExtensionHostProcess.js:95:92816)
	at /usr/lib/code-server/vendor/modules/code-oss-dev/out/vs/server/remoteExtensionHostProcess.js:95:117665
	at xe._withAdapter (/usr/lib/code-server/vendor/modules/code-oss-dev/out/vs/server/remoteExtensionHostProcess.js:95:111762)
	at xe.$provideCodeActions (/usr/lib/code-server/vendor/modules/code-oss-dev/out/vs/server/remoteExtensionHostProcess.js:95:117641)
	at t._doInvokeHandler (/usr/lib/code-server/vendor/modules/code-oss-dev/out/vs/server/remoteExtensionHostProcess.js:99:13802)
	at t._invokeHandler (/usr/lib/code-server/vendor/modules/code-oss-dev/out/vs/server/remoteExtensionHostProcess.js:99:13486)
	at t._receiveRequest (/usr/lib/code-server/vendor/modules/code-oss-dev/out/vs/server/remoteExtensionHostProcess.js:99:12097)
	at t._receiveOneMessage (/usr/lib/code-server/vendor/modules/code-oss-dev/out/vs/server/remoteExtensionHostProcess.js:99:10826)
	at /usr/lib/code-server/vendor/modules/code-oss-dev/out/vs/server/remoteExtensionHostProcess.js:99:8922
	at a.fire (/usr/lib/code-server/vendor/modules/code-oss-dev/out/vs/server/remoteExtensionHostProcess.js:66:1712)
	at P.fire (/usr/lib/code-server/vendor/modules/code-oss-dev/out/vs/server/remoteExtensionHostProcess.js:74:15967)
	at /usr/lib/code-server/vendor/modules/code-oss-dev/out/vs/server/remoteExtensionHostProcess.js:114:30660
	at a.fire (/usr/lib/code-server/vendor/modules/code-oss-dev/out/vs/server/remoteExtensionHostProcess.js:66:1712)
	at P.fire (/usr/lib/code-server/vendor/modules/code-oss-dev/out/vs/server/remoteExtensionHostProcess.js:74:15967)
	at g._receiveMessage (/usr/lib/code-server/vendor/modules/code-oss-dev/out/vs/server/remoteExtensionHostProcess.js:74:21237)
	at /usr/lib/code-server/vendor/modules/code-oss-dev/out/vs/server/remoteExtensionHostProcess.js:74:18115
	at a.fire (/usr/lib/code-server/vendor/modules/code-oss-dev/out/vs/server/remoteExtensionHostProcess.js:66:1712)
	at b.acceptChunk (/usr/lib/code-server/vendor/modules/code-oss-dev/out/vs/server/remoteExtensionHostProcess.js:74:13328)
	at /usr/lib/code-server/vendor/modules/code-oss-dev/out/vs/server/remoteExtensionHostProcess.js:74:12676
	at a.fire (/usr/lib/code-server/vendor/modules/code-oss-dev/out/vs/server/remoteExtensionHostProcess.js:66:1712)
	at /usr/lib/code-server/vendor/modules/code-oss-dev/out/vs/server/remoteExtensionHostProcess.js:114:19664
	at afterWrite (internal/streams/writable.js:466:5)
	at onwrite (internal/streams/writable.js:446:7)
	at InflateRaw.afterTransform (internal/streams/transform.js:103:3)
	at Zlib.processCallback (zlib.js:607:8)
[2022-10-30 11:24:37.889] [exthost] [error] [ms-toolsai.jupyter] provider FAILED
[2022-10-30 11:24:37.889] [exthost] [error] Error: Unable to retrieve document from URI 'file:///mnt/code/app.py'
	at I.getDocument (/usr/lib/code-server/vendor/modules/code-oss-dev/out/vs/server/remoteExtensionHostProcess.js:95:70576)
	at s.provideCodeLenses (/usr/lib/code-server/vendor/modules/code-oss-dev/out/vs/server/remoteExtensionHostProcess.js:95:88800)
	at /usr/lib/code-server/vendor/modules/code-oss-dev/out/vs/server/remoteExtensionHostProcess.js:95:113160
	at xe._withAdapter (/usr/lib/code-server/vendor/modules/code-oss-dev/out/vs/server/remoteExtensionHostProcess.js:95:111762)
	at xe.$provideCodeLenses (/usr/lib/code-server/vendor/modules/code-oss-dev/out/vs/server/remoteExtensionHostProcess.js:95:113136)
	at t._doInvokeHandler (/usr/lib/code-server/vendor/modules/code-oss-dev/out/vs/server/remoteExtensionHostProcess.js:99:13802)
	at t._invokeHandler (/usr/lib/code-server/vendor/modules/code-oss-dev/out/vs/server/remoteExtensionHostProcess.js:99:13486)
	at t._receiveRequest (/usr/lib/code-server/vendor/modules/code-oss-dev/out/vs/server/remoteExtensionHostProcess.js:99:12097)
	at t._receiveOneMessage (/usr/lib/code-server/vendor/modules/code-oss-dev/out/vs/server/remoteExtensionHostProcess.js:99:10826)
	at /usr/lib/code-server/vendor/modules/code-oss-dev/out/vs/server/remoteExtensionHostProcess.js:99:8922
	at a.fire (/usr/lib/code-server/vendor/modules/code-oss-dev/out/vs/server/remoteExtensionHostProcess.js:66:1712)
	at P.fire (/usr/lib/code-server/vendor/modules/code-oss-dev/out/vs/server/remoteExtensionHostProcess.js:74:15967)
	at /usr/lib/code-server/vendor/modules/code-oss-dev/out/vs/server/remoteExtensionHostProcess.js:114:30660
	at a.fire (/usr/lib/code-server/vendor/modules/code-oss-dev/out/vs/server/remoteExtensionHostProcess.js:66:1712)
	at P.fire (/usr/lib/code-server/vendor/modules/code-oss-dev/out/vs/server/remoteExtensionHostProcess.js:74:15967)
	at g._receiveMessage (/usr/lib/code-server/vendor/modules/code-oss-dev/out/vs/server/remoteExtensionHostProcess.js:74:21237)
	at /usr/lib/code-server/vendor/modules/code-oss-dev/out/vs/server/remoteExtensionHostProcess.js:74:18115
	at a.fire (/usr/lib/code-server/vendor/modules/code-oss-dev/out/vs/server/remoteExtensionHostProcess.js:66:1712)
	at b.acceptChunk (/usr/lib/code-server/vendor/modules/code-oss-dev/out/vs/server/remoteExtensionHostProcess.js:74:13328)
	at /usr/lib/code-server/vendor/modules/code-oss-dev/out/vs/server/remoteExtensionHostProcess.js:74:12676
	at a.fire (/usr/lib/code-server/vendor/modules/code-oss-dev/out/vs/server/remoteExtensionHostProcess.js:66:1712)
	at /usr/lib/code-server/vendor/modules/code-oss-dev/out/vs/server/remoteExtensionHostProcess.js:114:19664
	at afterWrite (internal/streams/writable.js:466:5)
	at onwrite (internal/streams/writable.js:446:7)
	at InflateRaw.afterTransform (internal/streams/transform.js:103:3)
	at Zlib.processCallback (zlib.js:607:8)
[2022-10-30 11:24:37.890] [exthost] [error] [vscode.merge-conflict] provider FAILED
[2022-10-30 11:24:37.890] [exthost] [error] Error: Unable to retrieve document from URI 'file:///mnt/code/app.py'
	at I.getDocument (/usr/lib/code-server/vendor/modules/code-oss-dev/out/vs/server/remoteExtensionHostProcess.js:95:70576)
	at s.provideCodeLenses (/usr/lib/code-server/vendor/modules/code-oss-dev/out/vs/server/remoteExtensionHostProcess.js:95:88800)
	at /usr/lib/code-server/vendor/modules/code-oss-dev/out/vs/server/remoteExtensionHostProcess.js:95:113160
	at xe._withAdapter (/usr/lib/code-server/vendor/modules/code-oss-dev/out/vs/server/remoteExtensionHostProcess.js:95:111762)
	at xe.$provideCodeLenses (/usr/lib/code-server/vendor/modules/code-oss-dev/out/vs/server/remoteExtensionHostProcess.js:95:113136)
	at t._doInvokeHandler (/usr/lib/code-server/vendor/modules/code-oss-dev/out/vs/server/remoteExtensionHostProcess.js:99:13802)
	at t._invokeHandler (/usr/lib/code-server/vendor/modules/code-oss-dev/out/vs/server/remoteExtensionHostProcess.js:99:13486)
	at t._receiveRequest (/usr/lib/code-server/vendor/modules/code-oss-dev/out/vs/server/remoteExtensionHostProcess.js:99:12097)
	at t._receiveOneMessage (/usr/lib/code-server/vendor/modules/code-oss-dev/out/vs/server/remoteExtensionHostProcess.js:99:10826)
	at /usr/lib/code-server/vendor/modules/code-oss-dev/out/vs/server/remoteExtensionHostProcess.js:99:8922
	at a.fire (/usr/lib/code-server/vendor/modules/code-oss-dev/out/vs/server/remoteExtensionHostProcess.js:66:1712)
	at P.fire (/usr/lib/code-server/vendor/modules/code-oss-dev/out/vs/server/remoteExtensionHostProcess.js:74:15967)
	at /usr/lib/code-server/vendor/modules/code-oss-dev/out/vs/server/remoteExtensionHostProcess.js:114:30660
	at a.fire (/usr/lib/code-server/vendor/modules/code-oss-dev/out/vs/server/remoteExtensionHostProcess.js:66:1712)
	at P.fire (/usr/lib/code-server/vendor/modules/code-oss-dev/out/vs/server/remoteExtensionHostProcess.js:74:15967)
	at g._receiveMessage (/usr/lib/code-server/vendor/modules/code-oss-dev/out/vs/server/remoteExtensionHostProcess.js:74:21237)
	at /usr/lib/code-server/vendor/modules/code-oss-dev/out/vs/server/remoteExtensionHostProcess.js:74:18115
	at a.fire (/usr/lib/code-server/vendor/modules/code-oss-dev/out/vs/server/remoteExtensionHostProcess.js:66:1712)
	at b.acceptChunk (/usr/lib/code-server/vendor/modules/code-oss-dev/out/vs/server/remoteExtensionHostProcess.js:74:13328)
	at /usr/lib/code-server/vendor/modules/code-oss-dev/out/vs/server/remoteExtensionHostProcess.js:74:12676
	at a.fire (/usr/lib/code-server/vendor/modules/code-oss-dev/out/vs/server/remoteExtensionHostProcess.js:66:1712)
	at /usr/lib/code-server/vendor/modules/code-oss-dev/out/vs/server/remoteExtensionHostProcess.js:114:19664
	at afterWrite (internal/streams/writable.js:466:5)
	at onwrite (internal/streams/writable.js:446:7)
	at InflateRaw.afterTransform (internal/streams/transform.js:103:3)
	at Zlib.processCallback (zlib.js:607:8)
[2022-10-30 11:24:37.890] [exthost] [error] [ms-python.python] provider FAILED
[2022-10-30 11:24:37.890] [exthost] [error] Error: Unable to retrieve document from URI 'file:///mnt/code/app.py'
	at I.getDocument (/usr/lib/code-server/vendor/modules/code-oss-dev/out/vs/server/remoteExtensionHostProcess.js:95:70576)
	at s.provideCodeLenses (/usr/lib/code-server/vendor/modules/code-oss-dev/out/vs/server/remoteExtensionHostProcess.js:95:88800)
	at /usr/lib/code-server/vendor/modules/code-oss-dev/out/vs/server/remoteExtensionHostProcess.js:95:113160
	at xe._withAdapter (/usr/lib/code-server/vendor/modules/code-oss-dev/out/vs/server/remoteExtensionHostProcess.js:95:111762)
	at xe.$provideCodeLenses (/usr/lib/code-server/vendor/modules/code-oss-dev/out/vs/server/remoteExtensionHostProcess.js:95:113136)
	at t._doInvokeHandler (/usr/lib/code-server/vendor/modules/code-oss-dev/out/vs/server/remoteExtensionHostProcess.js:99:13802)
	at t._invokeHandler (/usr/lib/code-server/vendor/modules/code-oss-dev/out/vs/server/remoteExtensionHostProcess.js:99:13486)
	at t._receiveRequest (/usr/lib/code-server/vendor/modules/code-oss-dev/out/vs/server/remoteExtensionHostProcess.js:99:12097)
	at t._receiveOneMessage (/usr/lib/code-server/vendor/modules/code-oss-dev/out/vs/server/remoteExtensionHostProcess.js:99:10826)
	at /usr/lib/code-server/vendor/modules/code-oss-dev/out/vs/server/remoteExtensionHostProcess.js:99:8922
	at a.fire (/usr/lib/code-server/vendor/modules/code-oss-dev/out/vs/server/remoteExtensionHostProcess.js:66:1712)
	at P.fire (/usr/lib/code-server/vendor/modules/code-oss-dev/out/vs/server/remoteExtensionHostProcess.js:74:15967)
	at /usr/lib/code-server/vendor/modules/code-oss-dev/out/vs/server/remoteExtensionHostProcess.js:114:30660
	at a.fire (/usr/lib/code-server/vendor/modules/code-oss-dev/out/vs/server/remoteExtensionHostProcess.js:66:1712)
	at P.fire (/usr/lib/code-server/vendor/modules/code-oss-dev/out/vs/server/remoteExtensionHostProcess.js:74:15967)
	at g._receiveMessage (/usr/lib/code-server/vendor/modules/code-oss-dev/out/vs/server/remoteExtensionHostProcess.js:74:21237)
	at /usr/lib/code-server/vendor/modules/code-oss-dev/out/vs/server/remoteExtensionHostProcess.js:74:18115
	at a.fire (/usr/lib/code-server/vendor/modules/code-oss-dev/out/vs/server/remoteExtensionHostProcess.js:66:1712)
	at b.acceptChunk (/usr/lib/code-server/vendor/modules/code-oss-dev/out/vs/server/remoteExtensionHostProcess.js:74:13328)
	at /usr/lib/code-server/vendor/modules/code-oss-dev/out/vs/server/remoteExtensionHostProcess.js:74:12676
	at a.fire (/usr/lib/code-server/vendor/modules/code-oss-dev/out/vs/server/remoteExtensionHostProcess.js:66:1712)
	at /usr/lib/code-server/vendor/modules/code-oss-dev/out/vs/server/remoteExtensionHostProcess.js:114:19664
	at afterWrite (internal/streams/writable.js:466:5)
	at onwrite (internal/streams/writable.js:446:7)
	at InflateRaw.afterTransform (internal/streams/transform.js:103:3)
	at Zlib.processCallback (zlib.js:607:8)
[2022-10-30 11:24:38.225] [exthost] [error] [ms-python.python] provider FAILED
[2022-10-30 11:24:38.225] [exthost] [error] Error: Unable to retrieve document from URI 'file:///mnt/code/app.py'
	at I.getDocument (/usr/lib/code-server/vendor/modules/code-oss-dev/out/vs/server/remoteExtensionHostProcess.js:95:70576)
	at l.provideDocumentSymbols (/usr/lib/code-server/vendor/modules/code-oss-dev/out/vs/server/remoteExtensionHostProcess.js:95:87683)
	at /usr/lib/code-server/vendor/modules/code-oss-dev/out/vs/server/remoteExtensionHostProcess.js:95:112592
	at xe._withAdapter (/usr/lib/code-server/vendor/modules/code-oss-dev/out/vs/server/remoteExtensionHostProcess.js:95:111762)
	at xe.$provideDocumentSymbols (/usr/lib/code-server/vendor/modules/code-oss-dev/out/vs/server/remoteExtensionHostProcess.js:95:112568)
	at t._doInvokeHandler (/usr/lib/code-server/vendor/modules/code-oss-dev/out/vs/server/remoteExtensionHostProcess.js:99:13802)
	at t._invokeHandler (/usr/lib/code-server/vendor/modules/code-oss-dev/out/vs/server/remoteExtensionHostProcess.js:99:13486)
	at t._receiveRequest (/usr/lib/code-server/vendor/modules/code-oss-dev/out/vs/server/remoteExtensionHostProcess.js:99:12097)
	at t._receiveOneMessage (/usr/lib/code-server/vendor/modules/code-oss-dev/out/vs/server/remoteExtensionHostProcess.js:99:10826)
	at /usr/lib/code-server/vendor/modules/code-oss-dev/out/vs/server/remoteExtensionHostProcess.js:99:8922
	at a.fire (/usr/lib/code-server/vendor/modules/code-oss-dev/out/vs/server/remoteExtensionHostProcess.js:66:1712)
	at P.fire (/usr/lib/code-server/vendor/modules/code-oss-dev/out/vs/server/remoteExtensionHostProcess.js:74:15967)
	at /usr/lib/code-server/vendor/modules/code-oss-dev/out/vs/server/remoteExtensionHostProcess.js:114:30660
	at a.fire (/usr/lib/code-server/vendor/modules/code-oss-dev/out/vs/server/remoteExtensionHostProcess.js:66:1712)
	at P.fire (/usr/lib/code-server/vendor/modules/code-oss-dev/out/vs/server/remoteExtensionHostProcess.js:74:15967)
	at g._receiveMessage (/usr/lib/code-server/vendor/modules/code-oss-dev/out/vs/server/remoteExtensionHostProcess.js:74:21237)
	at /usr/lib/code-server/vendor/modules/code-oss-dev/out/vs/server/remoteExtensionHostProcess.js:74:18115
	at a.fire (/usr/lib/code-server/vendor/modules/code-oss-dev/out/vs/server/remoteExtensionHostProcess.js:66:1712)
	at b.acceptChunk (/usr/lib/code-server/vendor/modules/code-oss-dev/out/vs/server/remoteExtensionHostProcess.js:74:13328)
	at /usr/lib/code-server/vendor/modules/code-oss-dev/out/vs/server/remoteExtensionHostProcess.js:74:12676
	at a.fire (/usr/lib/code-server/vendor/modules/code-oss-dev/out/vs/server/remoteExtensionHostProcess.js:66:1712)
	at /usr/lib/code-server/vendor/modules/code-oss-dev/out/vs/server/remoteExtensionHostProcess.js:114:19664
	at afterWrite (internal/streams/writable.js:466:5)
	at onwrite (internal/streams/writable.js:446:7)
	at InflateRaw.afterTransform (internal/streams/transform.js:103:3)
	at Zlib.processCallback (zlib.js:607:8)
[2022-10-30 11:24:38.575] [exthost] [error] [ms-toolsai.jupyter] provider FAILED
[2022-10-30 11:24:38.575] [exthost] [error] Error: Unable to retrieve document from URI 'file:///mnt/code/app.py'
	at I.getDocument (/usr/lib/code-server/vendor/modules/code-oss-dev/out/vs/server/remoteExtensionHostProcess.js:95:70576)
	at c.provideHover (/usr/lib/code-server/vendor/modules/code-oss-dev/out/vs/server/remoteExtensionHostProcess.js:95:90836)
	at /usr/lib/code-server/vendor/modules/code-oss-dev/out/vs/server/remoteExtensionHostProcess.js:95:114943
	at xe._withAdapter (/usr/lib/code-server/vendor/modules/code-oss-dev/out/vs/server/remoteExtensionHostProcess.js:95:111762)
	at xe.$provideHover (/usr/lib/code-server/vendor/modules/code-oss-dev/out/vs/server/remoteExtensionHostProcess.js:95:114921)
	at t._doInvokeHandler (/usr/lib/code-server/vendor/modules/code-oss-dev/out/vs/server/remoteExtensionHostProcess.js:99:13802)
	at t._invokeHandler (/usr/lib/code-server/vendor/modules/code-oss-dev/out/vs/server/remoteExtensionHostProcess.js:99:13486)
	at t._receiveRequest (/usr/lib/code-server/vendor/modules/code-oss-dev/out/vs/server/remoteExtensionHostProcess.js:99:12097)
	at t._receiveOneMessage (/usr/lib/code-server/vendor/modules/code-oss-dev/out/vs/server/remoteExtensionHostProcess.js:99:10826)
	at /usr/lib/code-server/vendor/modules/code-oss-dev/out/vs/server/remoteExtensionHostProcess.js:99:8922
	at a.fire (/usr/lib/code-server/vendor/modules/code-oss-dev/out/vs/server/remoteExtensionHostProcess.js:66:1712)
	at P.fire (/usr/lib/code-server/vendor/modules/code-oss-dev/out/vs/server/remoteExtensionHostProcess.js:74:15967)
	at /usr/lib/code-server/vendor/modules/code-oss-dev/out/vs/server/remoteExtensionHostProcess.js:114:30660
	at a.fire (/usr/lib/code-server/vendor/modules/code-oss-dev/out/vs/server/remoteExtensionHostProcess.js:66:1712)
	at P.fire (/usr/lib/code-server/vendor/modules/code-oss-dev/out/vs/server/remoteExtensionHostProcess.js:74:15967)
	at g._receiveMessage (/usr/lib/code-server/vendor/modules/code-oss-dev/out/vs/server/remoteExtensionHostProcess.js:74:21237)
	at /usr/lib/code-server/vendor/modules/code-oss-dev/out/vs/server/remoteExtensionHostProcess.js:74:18115
	at a.fire (/usr/lib/code-server/vendor/modules/code-oss-dev/out/vs/server/remoteExtensionHostProcess.js:66:1712)
	at b.acceptChunk (/usr/lib/code-server/vendor/modules/code-oss-dev/out/vs/server/remoteExtensionHostProcess.js:74:13328)
	at /usr/lib/code-server/vendor/modules/code-oss-dev/out/vs/server/remoteExtensionHostProcess.js:74:12676
	at a.fire (/usr/lib/code-server/vendor/modules/code-oss-dev/out/vs/server/remoteExtensionHostProcess.js:66:1712)
	at /usr/lib/code-server/vendor/modules/code-oss-dev/out/vs/server/remoteExtensionHostProcess.js:114:19664
	at afterWrite (internal/streams/writable.js:466:5)
	at onwrite (internal/streams/writable.js:446:7)
	at InflateRaw.afterTransform (internal/streams/transform.js:103:3)
	at Zlib.processCallback (zlib.js:607:8)
[2022-10-30 11:24:38.575] [exthost] [error] [ms-python.python] provider FAILED
[2022-10-30 11:24:38.575] [exthost] [error] Error: Unable to retrieve document from URI 'file:///mnt/code/app.py'
	at I.getDocument (/usr/lib/code-server/vendor/modules/code-oss-dev/out/vs/server/remoteExtensionHostProcess.js:95:70576)
	at c.provideHover (/usr/lib/code-server/vendor/modules/code-oss-dev/out/vs/server/remoteExtensionHostProcess.js:95:90836)
	at /usr/lib/code-server/vendor/modules/code-oss-dev/out/vs/server/remoteExtensionHostProcess.js:95:114943
	at xe._withAdapter (/usr/lib/code-server/vendor/modules/code-oss-dev/out/vs/server/remoteExtensionHostProcess.js:95:111762)
	at xe.$provideHover (/usr/lib/code-server/vendor/modules/code-oss-dev/out/vs/server/remoteExtensionHostProcess.js:95:114921)
	at t._doInvokeHandler (/usr/lib/code-server/vendor/modules/code-oss-dev/out/vs/server/remoteExtensionHostProcess.js:99:13802)
	at t._invokeHandler (/usr/lib/code-server/vendor/modules/code-oss-dev/out/vs/server/remoteExtensionHostProcess.js:99:13486)
	at t._receiveRequest (/usr/lib/code-server/vendor/modules/code-oss-dev/out/vs/server/remoteExtensionHostProcess.js:99:12097)
	at t._receiveOneMessage (/usr/lib/code-server/vendor/modules/code-oss-dev/out/vs/server/remoteExtensionHostProcess.js:99:10826)
	at /usr/lib/code-server/vendor/modules/code-oss-dev/out/vs/server/remoteExtensionHostProcess.js:99:8922
	at a.fire (/usr/lib/code-server/vendor/modules/code-oss-dev/out/vs/server/remoteExtensionHostProcess.js:66:1712)
	at P.fire (/usr/lib/code-server/vendor/modules/code-oss-dev/out/vs/server/remoteExtensionHostProcess.js:74:15967)
	at /usr/lib/code-server/vendor/modules/code-oss-dev/out/vs/server/remoteExtensionHostProcess.js:114:30660
	at a.fire (/usr/lib/code-server/vendor/modules/code-oss-dev/out/vs/server/remoteExtensionHostProcess.js:66:1712)
	at P.fire (/usr/lib/code-server/vendor/modules/code-oss-dev/out/vs/server/remoteExtensionHostProcess.js:74:15967)
	at g._receiveMessage (/usr/lib/code-server/vendor/modules/code-oss-dev/out/vs/server/remoteExtensionHostProcess.js:74:21237)
	at /usr/lib/code-server/vendor/modules/code-oss-dev/out/vs/server/remoteExtensionHostProcess.js:74:18115
	at a.fire (/usr/lib/code-server/vendor/modules/code-oss-dev/out/vs/server/remoteExtensionHostProcess.js:66:1712)
	at b.acceptChunk (/usr/lib/code-server/vendor/modules/code-oss-dev/out/vs/server/remoteExtensionHostProcess.js:74:13328)
	at /usr/lib/code-server/vendor/modules/code-oss-dev/out/vs/server/remoteExtensionHostProcess.js:74:12676
	at a.fire (/usr/lib/code-server/vendor/modules/code-oss-dev/out/vs/server/remoteExtensionHostProcess.js:66:1712)
	at /usr/lib/code-server/vendor/modules/code-oss-dev/out/vs/server/remoteExtensionHostProcess.js:114:19664
	at afterWrite (internal/streams/writable.js:466:5)
	at onwrite (internal/streams/writable.js:446:7)
	at InflateRaw.afterTransform (internal/streams/transform.js:103:3)
	at Zlib.processCallback (zlib.js:607:8)
[2022-10-30 11:24:38.911] [exthost] [error] [ms-python.python] provider FAILED
[2022-10-30 11:24:38.912] [exthost] [error] Error: Unable to retrieve document from URI 'file:///mnt/code/app.py'
	at I.getDocument (/usr/lib/code-server/vendor/modules/code-oss-dev/out/vs/server/remoteExtensionHostProcess.js:95:70576)
	at h.provideDocumentHighlights (/usr/lib/code-server/vendor/modules/code-oss-dev/out/vs/server/remoteExtensionHostProcess.js:95:91762)
	at /usr/lib/code-server/vendor/modules/code-oss-dev/out/vs/server/remoteExtensionHostProcess.js:95:116186
	at xe._withAdapter (/usr/lib/code-server/vendor/modules/code-oss-dev/out/vs/server/remoteExtensionHostProcess.js:95:111762)
	at xe.$provideDocumentHighlights (/usr/lib/code-server/vendor/modules/code-oss-dev/out/vs/server/remoteExtensionHostProcess.js:95:116164)
	at t._doInvokeHandler (/usr/lib/code-server/vendor/modules/code-oss-dev/out/vs/server/remoteExtensionHostProcess.js:99:13802)
	at t._invokeHandler (/usr/lib/code-server/vendor/modules/code-oss-dev/out/vs/server/remoteExtensionHostProcess.js:99:13486)
	at t._receiveRequest (/usr/lib/code-server/vendor/modules/code-oss-dev/out/vs/server/remoteExtensionHostProcess.js:99:12097)
	at t._receiveOneMessage (/usr/lib/code-server/vendor/modules/code-oss-dev/out/vs/server/remoteExtensionHostProcess.js:99:10826)
	at /usr/lib/code-server/vendor/modules/code-oss-dev/out/vs/server/remoteExtensionHostProcess.js:99:8922
	at a.fire (/usr/lib/code-server/vendor/modules/code-oss-dev/out/vs/server/remoteExtensionHostProcess.js:66:1712)
	at P.fire (/usr/lib/code-server/vendor/modules/code-oss-dev/out/vs/server/remoteExtensionHostProcess.js:74:15967)
	at /usr/lib/code-server/vendor/modules/code-oss-dev/out/vs/server/remoteExtensionHostProcess.js:114:30660
	at a.fire (/usr/lib/code-server/vendor/modules/code-oss-dev/out/vs/server/remoteExtensionHostProcess.js:66:1712)
	at P.fire (/usr/lib/code-server/vendor/modules/code-oss-dev/out/vs/server/remoteExtensionHostProcess.js:74:15967)
	at g._receiveMessage (/usr/lib/code-server/vendor/modules/code-oss-dev/out/vs/server/remoteExtensionHostProcess.js:74:21237)
	at /usr/lib/code-server/vendor/modules/code-oss-dev/out/vs/server/remoteExtensionHostProcess.js:74:18115
	at a.fire (/usr/lib/code-server/vendor/modules/code-oss-dev/out/vs/server/remoteExtensionHostProcess.js:66:1712)
	at b.acceptChunk (/usr/lib/code-server/vendor/modules/code-oss-dev/out/vs/server/remoteExtensionHostProcess.js:74:13328)
	at /usr/lib/code-server/vendor/modules/code-oss-dev/out/vs/server/remoteExtensionHostProcess.js:74:12676
	at a.fire (/usr/lib/code-server/vendor/modules/code-oss-dev/out/vs/server/remoteExtensionHostProcess.js:66:1712)
	at /usr/lib/code-server/vendor/modules/code-oss-dev/out/vs/server/remoteExtensionHostProcess.js:114:19664
	at afterWrite (internal/streams/writable.js:466:5)
	at onwrite (internal/streams/writable.js:446:7)
	at InflateRaw.afterTransform (internal/streams/transform.js:103:3)
	at Zlib.processCallback (zlib.js:607:8)
[2022-10-30 11:24:39.247] [exthost] [error] [ms-python.python] provider FAILED
[2022-10-30 11:24:39.248] [exthost] [error] Error: Unable to retrieve document from URI 'file:///mnt/code/app.py'
	at I.getDocument (/usr/lib/code-server/vendor/modules/code-oss-dev/out/vs/server/remoteExtensionHostProcess.js:95:70576)
	at o.provideDefinition (/usr/lib/code-server/vendor/modules/code-oss-dev/out/vs/server/remoteExtensionHostProcess.js:95:89959)
	at /usr/lib/code-server/vendor/modules/code-oss-dev/out/vs/server/remoteExtensionHostProcess.js:95:113665
	at xe._withAdapter (/usr/lib/code-server/vendor/modules/code-oss-dev/out/vs/server/remoteExtensionHostProcess.js:95:111762)
	at xe.$provideDefinition (/usr/lib/code-server/vendor/modules/code-oss-dev/out/vs/server/remoteExtensionHostProcess.js:95:113643)
	at t._doInvokeHandler (/usr/lib/code-server/vendor/modules/code-oss-dev/out/vs/server/remoteExtensionHostProcess.js:99:13802)
	at t._invokeHandler (/usr/lib/code-server/vendor/modules/code-oss-dev/out/vs/server/remoteExtensionHostProcess.js:99:13486)
	at t._receiveRequest (/usr/lib/code-server/vendor/modules/code-oss-dev/out/vs/server/remoteExtensionHostProcess.js:99:12097)
	at t._receiveOneMessage (/usr/lib/code-server/vendor/modules/code-oss-dev/out/vs/server/remoteExtensionHostProcess.js:99:10826)
	at /usr/lib/code-server/vendor/modules/code-oss-dev/out/vs/server/remoteExtensionHostProcess.js:99:8922
	at a.fire (/usr/lib/code-server/vendor/modules/code-oss-dev/out/vs/server/remoteExtensionHostProcess.js:66:1712)
	at P.fire (/usr/lib/code-server/vendor/modules/code-oss-dev/out/vs/server/remoteExtensionHostProcess.js:74:15967)
	at /usr/lib/code-server/vendor/modules/code-oss-dev/out/vs/server/remoteExtensionHostProcess.js:114:30660
	at a.fire (/usr/lib/code-server/vendor/modules/code-oss-dev/out/vs/server/remoteExtensionHostProcess.js:66:1712)
	at P.fire (/usr/lib/code-server/vendor/modules/code-oss-dev/out/vs/server/remoteExtensionHostProcess.js:74:15967)
	at g._receiveMessage (/usr/lib/code-server/vendor/modules/code-oss-dev/out/vs/server/remoteExtensionHostProcess.js:74:21237)
	at /usr/lib/code-server/vendor/modules/code-oss-dev/out/vs/server/remoteExtensionHostProcess.js:74:18115
	at a.fire (/usr/lib/code-server/vendor/modules/code-oss-dev/out/vs/server/remoteExtensionHostProcess.js:66:1712)
	at b.acceptChunk (/usr/lib/code-server/vendor/modules/code-oss-dev/out/vs/server/remoteExtensionHostProcess.js:74:13328)
	at /usr/lib/code-server/vendor/modules/code-oss-dev/out/vs/server/remoteExtensionHostProcess.js:74:12676
	at a.fire (/usr/lib/code-server/vendor/modules/code-oss-dev/out/vs/server/remoteExtensionHostProcess.js:66:1712)
	at /usr/lib/code-server/vendor/modules/code-oss-dev/out/vs/server/remoteExtensionHostProcess.js:114:19664
	at afterWrite (internal/streams/writable.js:466:5)
	at onwrite (internal/streams/writable.js:446:7)
	at InflateRaw.afterTransform (internal/streams/transform.js:103:3)
	at Zlib.processCallback (zlib.js:607:8)
[2022-10-30 11:24:39.416] [exthost] [error] [ms-toolsai.jupyter] provider FAILED
[2022-10-30 11:24:39.416] [exthost] [error] Error: Unable to retrieve document from URI 'file:///mnt/code/app.py'
	at I.getDocument (/usr/lib/code-server/vendor/modules/code-oss-dev/out/vs/server/remoteExtensionHostProcess.js:95:70576)
	at A.provideCodeActions (/usr/lib/code-server/vendor/modules/code-oss-dev/out/vs/server/remoteExtensionHostProcess.js:95:92816)
	at /usr/lib/code-server/vendor/modules/code-oss-dev/out/vs/server/remoteExtensionHostProcess.js:95:117665
	at xe._withAdapter (/usr/lib/code-server/vendor/modules/code-oss-dev/out/vs/server/remoteExtensionHostProcess.js:95:111762)
	at xe.$provideCodeActions (/usr/lib/code-server/vendor/modules/code-oss-dev/out/vs/server/remoteExtensionHostProcess.js:95:117641)
	at t._doInvokeHandler (/usr/lib/code-server/vendor/modules/code-oss-dev/out/vs/server/remoteExtensionHostProcess.js:99:13802)
	at t._invokeHandler (/usr/lib/code-server/vendor/modules/code-oss-dev/out/vs/server/remoteExtensionHostProcess.js:99:13486)
	at t._receiveRequest (/usr/lib/code-server/vendor/modules/code-oss-dev/out/vs/server/remoteExtensionHostProcess.js:99:12097)
	at t._receiveOneMessage (/usr/lib/code-server/vendor/modules/code-oss-dev/out/vs/server/remoteExtensionHostProcess.js:99:10826)
	at /usr/lib/code-server/vendor/modules/code-oss-dev/out/vs/server/remoteExtensionHostProcess.js:99:8922
	at a.fire (/usr/lib/code-server/vendor/modules/code-oss-dev/out/vs/server/remoteExtensionHostProcess.js:66:1712)
	at P.fire (/usr/lib/code-server/vendor/modules/code-oss-dev/out/vs/server/remoteExtensionHostProcess.js:74:15967)
	at /usr/lib/code-server/vendor/modules/code-oss-dev/out/vs/server/remoteExtensionHostProcess.js:114:30660
	at a.fire (/usr/lib/code-server/vendor/modules/code-oss-dev/out/vs/server/remoteExtensionHostProcess.js:66:1712)
	at P.fire (/usr/lib/code-server/vendor/modules/code-oss-dev/out/vs/server/remoteExtensionHostProcess.js:74:15967)
	at g._receiveMessage (/usr/lib/code-server/vendor/modules/code-oss-dev/out/vs/server/remoteExtensionHostProcess.js:74:21237)
	at /usr/lib/code-server/vendor/modules/code-oss-dev/out/vs/server/remoteExtensionHostProcess.js:74:18115
	at a.fire (/usr/lib/code-server/vendor/modules/code-oss-dev/out/vs/server/remoteExtensionHostProcess.js:66:1712)
	at b.acceptChunk (/usr/lib/code-server/vendor/modules/code-oss-dev/out/vs/server/remoteExtensionHostProcess.js:74:13328)
	at /usr/lib/code-server/vendor/modules/code-oss-dev/out/vs/server/remoteExtensionHostProcess.js:74:12676
	at a.fire (/usr/lib/code-server/vendor/modules/code-oss-dev/out/vs/server/remoteExtensionHostProcess.js:66:1712)
	at /usr/lib/code-server/vendor/modules/code-oss-dev/out/vs/server/remoteExtensionHostProcess.js:114:19664
	at afterWrite (internal/streams/writable.js:466:5)
	at onwrite (internal/streams/writable.js:446:7)
	at InflateRaw.afterTransform (internal/streams/transform.js:103:3)
	at Zlib.processCallback (zlib.js:607:8)
[2022-10-30 11:24:39.416] [exthost] [error] [ms-python.python] provider FAILED
[2022-10-30 11:24:39.416] [exthost] [error] Error: Unable to retrieve document from URI 'file:///mnt/code/app.py'
	at I.getDocument (/usr/lib/code-server/vendor/modules/code-oss-dev/out/vs/server/remoteExtensionHostProcess.js:95:70576)
	at A.provideCodeActions (/usr/lib/code-server/vendor/modules/code-oss-dev/out/vs/server/remoteExtensionHostProcess.js:95:92816)
	at /usr/lib/code-server/vendor/modules/code-oss-dev/out/vs/server/remoteExtensionHostProcess.js:95:117665
	at xe._withAdapter (/usr/lib/code-server/vendor/modules/code-oss-dev/out/vs/server/remoteExtensionHostProcess.js:95:111762)
	at xe.$provideCodeActions (/usr/lib/code-server/vendor/modules/code-oss-dev/out/vs/server/remoteExtensionHostProcess.js:95:117641)
	at t._doInvokeHandler (/usr/lib/code-server/vendor/modules/code-oss-dev/out/vs/server/remoteExtensionHostProcess.js:99:13802)
	at t._invokeHandler (/usr/lib/code-server/vendor/modules/code-oss-dev/out/vs/server/remoteExtensionHostProcess.js:99:13486)
	at t._receiveRequest (/usr/lib/code-server/vendor/modules/code-oss-dev/out/vs/server/remoteExtensionHostProcess.js:99:12097)
	at t._receiveOneMessage (/usr/lib/code-server/vendor/modules/code-oss-dev/out/vs/server/remoteExtensionHostProcess.js:99:10826)
	at /usr/lib/code-server/vendor/modules/code-oss-dev/out/vs/server/remoteExtensionHostProcess.js:99:8922
	at a.fire (/usr/lib/code-server/vendor/modules/code-oss-dev/out/vs/server/remoteExtensionHostProcess.js:66:1712)
	at P.fire (/usr/lib/code-server/vendor/modules/code-oss-dev/out/vs/server/remoteExtensionHostProcess.js:74:15967)
	at /usr/lib/code-server/vendor/modules/code-oss-dev/out/vs/server/remoteExtensionHostProcess.js:114:30660
	at a.fire (/usr/lib/code-server/vendor/modules/code-oss-dev/out/vs/server/remoteExtensionHostProcess.js:66:1712)
	at P.fire (/usr/lib/code-server/vendor/modules/code-oss-dev/out/vs/server/remoteExtensionHostProcess.js:74:15967)
	at g._receiveMessage (/usr/lib/code-server/vendor/modules/code-oss-dev/out/vs/server/remoteExtensionHostProcess.js:74:21237)
	at /usr/lib/code-server/vendor/modules/code-oss-dev/out/vs/server/remoteExtensionHostProcess.js:74:18115
	at a.fire (/usr/lib/code-server/vendor/modules/code-oss-dev/out/vs/server/remoteExtensionHostProcess.js:66:1712)
	at b.acceptChunk (/usr/lib/code-server/vendor/modules/code-oss-dev/out/vs/server/remoteExtensionHostProcess.js:74:13328)
	at /usr/lib/code-server/vendor/modules/code-oss-dev/out/vs/server/remoteExtensionHostProcess.js:74:12676
	at a.fire (/usr/lib/code-server/vendor/modules/code-oss-dev/out/vs/server/remoteExtensionHostProcess.js:66:1712)
	at /usr/lib/code-server/vendor/modules/code-oss-dev/out/vs/server/remoteExtensionHostProcess.js:114:19664
	at afterWrite (internal/streams/writable.js:466:5)
	at onwrite (internal/streams/writable.js:446:7)
	at InflateRaw.afterTransform (internal/streams/transform.js:103:3)
	at Zlib.processCallback (zlib.js:607:8)
[2022-10-30 11:24:39.753] [exthost] [error] [ms-toolsai.jupyter] provider FAILED
[2022-10-30 11:24:39.754] [exthost] [error] Error: Unable to retrieve document from URI 'file:///mnt/code/app.py'
	at I.getDocument (/usr/lib/code-server/vendor/modules/code-oss-dev/out/vs/server/remoteExtensionHostProcess.js:95:70576)
	at A.provideCodeActions (/usr/lib/code-server/vendor/modules/code-oss-dev/out/vs/server/remoteExtensionHostProcess.js:95:92816)
	at /usr/lib/code-server/vendor/modules/code-oss-dev/out/vs/server/remoteExtensionHostProcess.js:95:117665
	at xe._withAdapter (/usr/lib/code-server/vendor/modules/code-oss-dev/out/vs/server/remoteExtensionHostProcess.js:95:111762)
	at xe.$provideCodeActions (/usr/lib/code-server/vendor/modules/code-oss-dev/out/vs/server/remoteExtensionHostProcess.js:95:117641)
	at t._doInvokeHandler (/usr/lib/code-server/vendor/modules/code-oss-dev/out/vs/server/remoteExtensionHostProcess.js:99:13802)
	at t._invokeHandler (/usr/lib/code-server/vendor/modules/code-oss-dev/out/vs/server/remoteExtensionHostProcess.js:99:13486)
	at t._receiveRequest (/usr/lib/code-server/vendor/modules/code-oss-dev/out/vs/server/remoteExtensionHostProcess.js:99:12097)
	at t._receiveOneMessage (/usr/lib/code-server/vendor/modules/code-oss-dev/out/vs/server/remoteExtensionHostProcess.js:99:10826)
	at /usr/lib/code-server/vendor/modules/code-oss-dev/out/vs/server/remoteExtensionHostProcess.js:99:8922
	at a.fire (/usr/lib/code-server/vendor/modules/code-oss-dev/out/vs/server/remoteExtensionHostProcess.js:66:1712)
	at P.fire (/usr/lib/code-server/vendor/modules/code-oss-dev/out/vs/server/remoteExtensionHostProcess.js:74:15967)
	at /usr/lib/code-server/vendor/modules/code-oss-dev/out/vs/server/remoteExtensionHostProcess.js:114:30660
	at a.fire (/usr/lib/code-server/vendor/modules/code-oss-dev/out/vs/server/remoteExtensionHostProcess.js:66:1712)
	at P.fire (/usr/lib/code-server/vendor/modules/code-oss-dev/out/vs/server/remoteExtensionHostProcess.js:74:15967)
	at g._receiveMessage (/usr/lib/code-server/vendor/modules/code-oss-dev/out/vs/server/remoteExtensionHostProcess.js:74:21237)
	at /usr/lib/code-server/vendor/modules/code-oss-dev/out/vs/server/remoteExtensionHostProcess.js:74:18115
	at a.fire (/usr/lib/code-server/vendor/modules/code-oss-dev/out/vs/server/remoteExtensionHostProcess.js:66:1712)
	at b.acceptChunk (/usr/lib/code-server/vendor/modules/code-oss-dev/out/vs/server/remoteExtensionHostProcess.js:74:13328)
	at /usr/lib/code-server/vendor/modules/code-oss-dev/out/vs/server/remoteExtensionHostProcess.js:74:12676
	at a.fire (/usr/lib/code-server/vendor/modules/code-oss-dev/out/vs/server/remoteExtensionHostProcess.js:66:1712)
	at /usr/lib/code-server/vendor/modules/code-oss-dev/out/vs/server/remoteExtensionHostProcess.js:114:19664
	at afterWrite (internal/streams/writable.js:466:5)
	at onwrite (internal/streams/writable.js:446:7)
	at InflateRaw.afterTransform (internal/streams/transform.js:103:3)
	at Zlib.processCallback (zlib.js:607:8)
[2022-10-30 11:24:39.754] [exthost] [error] [ms-python.python] provider FAILED
[2022-10-30 11:24:39.755] [exthost] [error] Error: Unable to retrieve document from URI 'file:///mnt/code/app.py'
	at I.getDocument (/usr/lib/code-server/vendor/modules/code-oss-dev/out/vs/server/remoteExtensionHostProcess.js:95:70576)
	at A.provideCodeActions (/usr/lib/code-server/vendor/modules/code-oss-dev/out/vs/server/remoteExtensionHostProcess.js:95:92816)
	at /usr/lib/code-server/vendor/modules/code-oss-dev/out/vs/server/remoteExtensionHostProcess.js:95:117665
	at xe._withAdapter (/usr/lib/code-server/vendor/modules/code-oss-dev/out/vs/server/remoteExtensionHostProcess.js:95:111762)
	at xe.$provideCodeActions (/usr/lib/code-server/vendor/modules/code-oss-dev/out/vs/server/remoteExtensionHostProcess.js:95:117641)
	at t._doInvokeHandler (/usr/lib/code-server/vendor/modules/code-oss-dev/out/vs/server/remoteExtensionHostProcess.js:99:13802)
	at t._invokeHandler (/usr/lib/code-server/vendor/modules/code-oss-dev/out/vs/server/remoteExtensionHostProcess.js:99:13486)
	at t._receiveRequest (/usr/lib/code-server/vendor/modules/code-oss-dev/out/vs/server/remoteExtensionHostProcess.js:99:12097)
	at t._receiveOneMessage (/usr/lib/code-server/vendor/modules/code-oss-dev/out/vs/server/remoteExtensionHostProcess.js:99:10826)
	at /usr/lib/code-server/vendor/modules/code-oss-dev/out/vs/server/remoteExtensionHostProcess.js:99:8922
	at a.fire (/usr/lib/code-server/vendor/modules/code-oss-dev/out/vs/server/remoteExtensionHostProcess.js:66:1712)
	at P.fire (/usr/lib/code-server/vendor/modules/code-oss-dev/out/vs/server/remoteExtensionHostProcess.js:74:15967)
	at /usr/lib/code-server/vendor/modules/code-oss-dev/out/vs/server/remoteExtensionHostProcess.js:114:30660
	at a.fire (/usr/lib/code-server/vendor/modules/code-oss-dev/out/vs/server/remoteExtensionHostProcess.js:66:1712)
	at P.fire (/usr/lib/code-server/vendor/modules/code-oss-dev/out/vs/server/remoteExtensionHostProcess.js:74:15967)
	at g._receiveMessage (/usr/lib/code-server/vendor/modules/code-oss-dev/out/vs/server/remoteExtensionHostProcess.js:74:21237)
	at /usr/lib/code-server/vendor/modules/code-oss-dev/out/vs/server/remoteExtensionHostProcess.js:74:18115
	at a.fire (/usr/lib/code-server/vendor/modules/code-oss-dev/out/vs/server/remoteExtensionHostProcess.js:66:1712)
	at b.acceptChunk (/usr/lib/code-server/vendor/modules/code-oss-dev/out/vs/server/remoteExtensionHostProcess.js:74:13328)
	at /usr/lib/code-server/vendor/modules/code-oss-dev/out/vs/server/remoteExtensionHostProcess.js:74:12676
	at a.fire (/usr/lib/code-server/vendor/modules/code-oss-dev/out/vs/server/remoteExtensionHostProcess.js:66:1712)
	at /usr/lib/code-server/vendor/modules/code-oss-dev/out/vs/server/remoteExtensionHostProcess.js:114:19664
	at afterWrite (internal/streams/writable.js:466:5)
	at onwrite (internal/streams/writable.js:446:7)
	at InflateRaw.afterTransform (internal/streams/transform.js:103:3)
	at Zlib.processCallback (zlib.js:607:8)
[2022-10-30 11:24:39.755] [exthost] [error] [ms-toolsai.jupyter] provider FAILED
[2022-10-30 11:24:39.756] [exthost] [error] Error: Unable to retrieve document from URI 'file:///mnt/code/app.py'
	at I.getDocument (/usr/lib/code-server/vendor/modules/code-oss-dev/out/vs/server/remoteExtensionHostProcess.js:95:70576)
	at s.provideCodeLenses (/usr/lib/code-server/vendor/modules/code-oss-dev/out/vs/server/remoteExtensionHostProcess.js:95:88800)
	at /usr/lib/code-server/vendor/modules/code-oss-dev/out/vs/server/remoteExtensionHostProcess.js:95:113160
	at xe._withAdapter (/usr/lib/code-server/vendor/modules/code-oss-dev/out/vs/server/remoteExtensionHostProcess.js:95:111762)
	at xe.$provideCodeLenses (/usr/lib/code-server/vendor/modules/code-oss-dev/out/vs/server/remoteExtensionHostProcess.js:95:113136)
	at t._doInvokeHandler (/usr/lib/code-server/vendor/modules/code-oss-dev/out/vs/server/remoteExtensionHostProcess.js:99:13802)
	at t._invokeHandler (/usr/lib/code-server/vendor/modules/code-oss-dev/out/vs/server/remoteExtensionHostProcess.js:99:13486)
	at t._receiveRequest (/usr/lib/code-server/vendor/modules/code-oss-dev/out/vs/server/remoteExtensionHostProcess.js:99:12097)
	at t._receiveOneMessage (/usr/lib/code-server/vendor/modules/code-oss-dev/out/vs/server/remoteExtensionHostProcess.js:99:10826)
	at /usr/lib/code-server/vendor/modules/code-oss-dev/out/vs/server/remoteExtensionHostProcess.js:99:8922
	at a.fire (/usr/lib/code-server/vendor/modules/code-oss-dev/out/vs/server/remoteExtensionHostProcess.js:66:1712)
	at P.fire (/usr/lib/code-server/vendor/modules/code-oss-dev/out/vs/server/remoteExtensionHostProcess.js:74:15967)
	at /usr/lib/code-server/vendor/modules/code-oss-dev/out/vs/server/remoteExtensionHostProcess.js:114:30660
	at a.fire (/usr/lib/code-server/vendor/modules/code-oss-dev/out/vs/server/remoteExtensionHostProcess.js:66:1712)
	at P.fire (/usr/lib/code-server/vendor/modules/code-oss-dev/out/vs/server/remoteExtensionHostProcess.js:74:15967)
	at g._receiveMessage (/usr/lib/code-server/vendor/modules/code-oss-dev/out/vs/server/remoteExtensionHostProcess.js:74:21237)
	at /usr/lib/code-server/vendor/modules/code-oss-dev/out/vs/server/remoteExtensionHostProcess.js:74:18115
	at a.fire (/usr/lib/code-server/vendor/modules/code-oss-dev/out/vs/server/remoteExtensionHostProcess.js:66:1712)
	at b.acceptChunk (/usr/lib/code-server/vendor/modules/code-oss-dev/out/vs/server/remoteExtensionHostProcess.js:74:13328)
	at /usr/lib/code-server/vendor/modules/code-oss-dev/out/vs/server/remoteExtensionHostProcess.js:74:12676
	at a.fire (/usr/lib/code-server/vendor/modules/code-oss-dev/out/vs/server/remoteExtensionHostProcess.js:66:1712)
	at /usr/lib/code-server/vendor/modules/code-oss-dev/out/vs/server/remoteExtensionHostProcess.js:114:19664
	at afterWrite (internal/streams/writable.js:466:5)
	at onwrite (internal/streams/writable.js:446:7)
	at InflateRaw.afterTransform (internal/streams/transform.js:103:3)
	at Zlib.processCallback (zlib.js:607:8)
[2022-10-30 11:24:39.756] [exthost] [error] [vscode.merge-conflict] provider FAILED
[2022-10-30 11:24:39.757] [exthost] [error] Error: Unable to retrieve document from URI 'file:///mnt/code/app.py'
	at I.getDocument (/usr/lib/code-server/vendor/modules/code-oss-dev/out/vs/server/remoteExtensionHostProcess.js:95:70576)
	at s.provideCodeLenses (/usr/lib/code-server/vendor/modules/code-oss-dev/out/vs/server/remoteExtensionHostProcess.js:95:88800)
	at /usr/lib/code-server/vendor/modules/code-oss-dev/out/vs/server/remoteExtensionHostProcess.js:95:113160
	at xe._withAdapter (/usr/lib/code-server/vendor/modules/code-oss-dev/out/vs/server/remoteExtensionHostProcess.js:95:111762)
	at xe.$provideCodeLenses (/usr/lib/code-server/vendor/modules/code-oss-dev/out/vs/server/remoteExtensionHostProcess.js:95:113136)
	at t._doInvokeHandler (/usr/lib/code-server/vendor/modules/code-oss-dev/out/vs/server/remoteExtensionHostProcess.js:99:13802)
	at t._invokeHandler (/usr/lib/code-server/vendor/modules/code-oss-dev/out/vs/server/remoteExtensionHostProcess.js:99:13486)
	at t._receiveRequest (/usr/lib/code-server/vendor/modules/code-oss-dev/out/vs/server/remoteExtensionHostProcess.js:99:12097)
	at t._receiveOneMessage (/usr/lib/code-server/vendor/modules/code-oss-dev/out/vs/server/remoteExtensionHostProcess.js:99:10826)
	at /usr/lib/code-server/vendor/modules/code-oss-dev/out/vs/server/remoteExtensionHostProcess.js:99:8922
	at a.fire (/usr/lib/code-server/vendor/modules/code-oss-dev/out/vs/server/remoteExtensionHostProcess.js:66:1712)
	at P.fire (/usr/lib/code-server/vendor/modules/code-oss-dev/out/vs/server/remoteExtensionHostProcess.js:74:15967)
	at /usr/lib/code-server/vendor/modules/code-oss-dev/out/vs/server/remoteExtensionHostProcess.js:114:30660
	at a.fire (/usr/lib/code-server/vendor/modules/code-oss-dev/out/vs/server/remoteExtensionHostProcess.js:66:1712)
	at P.fire (/usr/lib/code-server/vendor/modules/code-oss-dev/out/vs/server/remoteExtensionHostProcess.js:74:15967)
	at g._receiveMessage (/usr/lib/code-server/vendor/modules/code-oss-dev/out/vs/server/remoteExtensionHostProcess.js:74:21237)
	at /usr/lib/code-server/vendor/modules/code-oss-dev/out/vs/server/remoteExtensionHostProcess.js:74:18115
	at a.fire (/usr/lib/code-server/vendor/modules/code-oss-dev/out/vs/server/remoteExtensionHostProcess.js:66:1712)
	at b.acceptChunk (/usr/lib/code-server/vendor/modules/code-oss-dev/out/vs/server/remoteExtensionHostProcess.js:74:13328)
	at /usr/lib/code-server/vendor/modules/code-oss-dev/out/vs/server/remoteExtensionHostProcess.js:74:12676
	at a.fire (/usr/lib/code-server/vendor/modules/code-oss-dev/out/vs/server/remoteExtensionHostProcess.js:66:1712)
	at /usr/lib/code-server/vendor/modules/code-oss-dev/out/vs/server/remoteExtensionHostProcess.js:114:19664
	at afterWrite (internal/streams/writable.js:466:5)
	at onwrite (internal/streams/writable.js:446:7)
	at InflateRaw.afterTransform (internal/streams/transform.js:103:3)
	at Zlib.processCallback (zlib.js:607:8)
[2022-10-30 11:24:39.757] [exthost] [error] [ms-python.python] provider FAILED
[2022-10-30 11:24:39.758] [exthost] [error] Error: Unable to retrieve document from URI 'file:///mnt/code/app.py'
	at I.getDocument (/usr/lib/code-server/vendor/modules/code-oss-dev/out/vs/server/remoteExtensionHostProcess.js:95:70576)
	at s.provideCodeLenses (/usr/lib/code-server/vendor/modules/code-oss-dev/out/vs/server/remoteExtensionHostProcess.js:95:88800)
	at /usr/lib/code-server/vendor/modules/code-oss-dev/out/vs/server/remoteExtensionHostProcess.js:95:113160
	at xe._withAdapter (/usr/lib/code-server/vendor/modules/code-oss-dev/out/vs/server/remoteExtensionHostProcess.js:95:111762)
	at xe.$provideCodeLenses (/usr/lib/code-server/vendor/modules/code-oss-dev/out/vs/server/remoteExtensionHostProcess.js:95:113136)
	at t._doInvokeHandler (/usr/lib/code-server/vendor/modules/code-oss-dev/out/vs/server/remoteExtensionHostProcess.js:99:13802)
	at t._invokeHandler (/usr/lib/code-server/vendor/modules/code-oss-dev/out/vs/server/remoteExtensionHostProcess.js:99:13486)
	at t._receiveRequest (/usr/lib/code-server/vendor/modules/code-oss-dev/out/vs/server/remoteExtensionHostProcess.js:99:12097)
	at t._receiveOneMessage (/usr/lib/code-server/vendor/modules/code-oss-dev/out/vs/server/remoteExtensionHostProcess.js:99:10826)
	at /usr/lib/code-server/vendor/modules/code-oss-dev/out/vs/server/remoteExtensionHostProcess.js:99:8922
	at a.fire (/usr/lib/code-server/vendor/modules/code-oss-dev/out/vs/server/remoteExtensionHostProcess.js:66:1712)
	at P.fire (/usr/lib/code-server/vendor/modules/code-oss-dev/out/vs/server/remoteExtensionHostProcess.js:74:15967)
	at /usr/lib/code-server/vendor/modules/code-oss-dev/out/vs/server/remoteExtensionHostProcess.js:114:30660
	at a.fire (/usr/lib/code-server/vendor/modules/code-oss-dev/out/vs/server/remoteExtensionHostProcess.js:66:1712)
	at P.fire (/usr/lib/code-server/vendor/modules/code-oss-dev/out/vs/server/remoteExtensionHostProcess.js:74:15967)
	at g._receiveMessage (/usr/lib/code-server/vendor/modules/code-oss-dev/out/vs/server/remoteExtensionHostProcess.js:74:21237)
	at /usr/lib/code-server/vendor/modules/code-oss-dev/out/vs/server/remoteExtensionHostProcess.js:74:18115
	at a.fire (/usr/lib/code-server/vendor/modules/code-oss-dev/out/vs/server/remoteExtensionHostProcess.js:66:1712)
	at b.acceptChunk (/usr/lib/code-server/vendor/modules/code-oss-dev/out/vs/server/remoteExtensionHostProcess.js:74:13328)
	at /usr/lib/code-server/vendor/modules/code-oss-dev/out/vs/server/remoteExtensionHostProcess.js:74:12676
	at a.fire (/usr/lib/code-server/vendor/modules/code-oss-dev/out/vs/server/remoteExtensionHostProcess.js:66:1712)
	at /usr/lib/code-server/vendor/modules/code-oss-dev/out/vs/server/remoteExtensionHostProcess.js:114:19664
	at afterWrite (internal/streams/writable.js:466:5)
	at onwrite (internal/streams/writable.js:446:7)
	at InflateRaw.afterTransform (internal/streams/transform.js:103:3)
	at Zlib.processCallback (zlib.js:607:8)
[2022-10-30 11:24:40.003] [exthost] [error] [ms-python.python] provider FAILED
[2022-10-30 11:24:40.003] [exthost] [error] Error: Unable to retrieve document from URI 'file:///mnt/code/app.py'
	at I.getDocument (/usr/lib/code-server/vendor/modules/code-oss-dev/out/vs/server/remoteExtensionHostProcess.js:95:70576)
	at l.provideDocumentSymbols (/usr/lib/code-server/vendor/modules/code-oss-dev/out/vs/server/remoteExtensionHostProcess.js:95:87683)
	at /usr/lib/code-server/vendor/modules/code-oss-dev/out/vs/server/remoteExtensionHostProcess.js:95:112592
	at xe._withAdapter (/usr/lib/code-server/vendor/modules/code-oss-dev/out/vs/server/remoteExtensionHostProcess.js:95:111762)
	at xe.$provideDocumentSymbols (/usr/lib/code-server/vendor/modules/code-oss-dev/out/vs/server/remoteExtensionHostProcess.js:95:112568)
	at t._doInvokeHandler (/usr/lib/code-server/vendor/modules/code-oss-dev/out/vs/server/remoteExtensionHostProcess.js:99:13802)
	at t._invokeHandler (/usr/lib/code-server/vendor/modules/code-oss-dev/out/vs/server/remoteExtensionHostProcess.js:99:13486)
	at t._receiveRequest (/usr/lib/code-server/vendor/modules/code-oss-dev/out/vs/server/remoteExtensionHostProcess.js:99:12097)
	at t._receiveOneMessage (/usr/lib/code-server/vendor/modules/code-oss-dev/out/vs/server/remoteExtensionHostProcess.js:99:10826)
	at /usr/lib/code-server/vendor/modules/code-oss-dev/out/vs/server/remoteExtensionHostProcess.js:99:8922
	at a.fire (/usr/lib/code-server/vendor/modules/code-oss-dev/out/vs/server/remoteExtensionHostProcess.js:66:1712)
	at P.fire (/usr/lib/code-server/vendor/modules/code-oss-dev/out/vs/server/remoteExtensionHostProcess.js:74:15967)
	at /usr/lib/code-server/vendor/modules/code-oss-dev/out/vs/server/remoteExtensionHostProcess.js:114:30660
	at a.fire (/usr/lib/code-server/vendor/modules/code-oss-dev/out/vs/server/remoteExtensionHostProcess.js:66:1712)
	at P.fire (/usr/lib/code-server/vendor/modules/code-oss-dev/out/vs/server/remoteExtensionHostProcess.js:74:15967)
	at g._receiveMessage (/usr/lib/code-server/vendor/modules/code-oss-dev/out/vs/server/remoteExtensionHostProcess.js:74:21237)
	at /usr/lib/code-server/vendor/modules/code-oss-dev/out/vs/server/remoteExtensionHostProcess.js:74:18115
	at a.fire (/usr/lib/code-server/vendor/modules/code-oss-dev/out/vs/server/remoteExtensionHostProcess.js:66:1712)
	at b.acceptChunk (/usr/lib/code-server/vendor/modules/code-oss-dev/out/vs/server/remoteExtensionHostProcess.js:74:13328)
	at /usr/lib/code-server/vendor/modules/code-oss-dev/out/vs/server/remoteExtensionHostProcess.js:74:12676
	at a.fire (/usr/lib/code-server/vendor/modules/code-oss-dev/out/vs/server/remoteExtensionHostProcess.js:66:1712)
	at /usr/lib/code-server/vendor/modules/code-oss-dev/out/vs/server/remoteExtensionHostProcess.js:114:19664
	at afterWrite (internal/streams/writable.js:466:5)
	at onwrite (internal/streams/writable.js:446:7)
	at InflateRaw.afterTransform (internal/streams/transform.js:103:3)
	at Zlib.processCallback (zlib.js:607:8)
[2022-10-30 11:24:42.360] [exthost] [error] [ms-toolsai.jupyter] provider FAILED
[2022-10-30 11:24:42.360] [exthost] [error] Error: Unable to retrieve document from URI 'file:///mnt/code/app.py'
	at I.getDocument (/usr/lib/code-server/vendor/modules/code-oss-dev/out/vs/server/remoteExtensionHostProcess.js:95:70576)
	at c.provideHover (/usr/lib/code-server/vendor/modules/code-oss-dev/out/vs/server/remoteExtensionHostProcess.js:95:90836)
	at /usr/lib/code-server/vendor/modules/code-oss-dev/out/vs/server/remoteExtensionHostProcess.js:95:114943
	at xe._withAdapter (/usr/lib/code-server/vendor/modules/code-oss-dev/out/vs/server/remoteExtensionHostProcess.js:95:111762)
	at xe.$provideHover (/usr/lib/code-server/vendor/modules/code-oss-dev/out/vs/server/remoteExtensionHostProcess.js:95:114921)
	at t._doInvokeHandler (/usr/lib/code-server/vendor/modules/code-oss-dev/out/vs/server/remoteExtensionHostProcess.js:99:13802)
	at t._invokeHandler (/usr/lib/code-server/vendor/modules/code-oss-dev/out/vs/server/remoteExtensionHostProcess.js:99:13486)
	at t._receiveRequest (/usr/lib/code-server/vendor/modules/code-oss-dev/out/vs/server/remoteExtensionHostProcess.js:99:12097)
	at t._receiveOneMessage (/usr/lib/code-server/vendor/modules/code-oss-dev/out/vs/server/remoteExtensionHostProcess.js:99:10826)
	at /usr/lib/code-server/vendor/modules/code-oss-dev/out/vs/server/remoteExtensionHostProcess.js:99:8922
	at a.fire (/usr/lib/code-server/vendor/modules/code-oss-dev/out/vs/server/remoteExtensionHostProcess.js:66:1712)
	at P.fire (/usr/lib/code-server/vendor/modules/code-oss-dev/out/vs/server/remoteExtensionHostProcess.js:74:15967)
	at /usr/lib/code-server/vendor/modules/code-oss-dev/out/vs/server/remoteExtensionHostProcess.js:114:30660
	at a.fire (/usr/lib/code-server/vendor/modules/code-oss-dev/out/vs/server/remoteExtensionHostProcess.js:66:1712)
	at P.fire (/usr/lib/code-server/vendor/modules/code-oss-dev/out/vs/server/remoteExtensionHostProcess.js:74:15967)
	at g._receiveMessage (/usr/lib/code-server/vendor/modules/code-oss-dev/out/vs/server/remoteExtensionHostProcess.js:74:21237)
	at /usr/lib/code-server/vendor/modules/code-oss-dev/out/vs/server/remoteExtensionHostProcess.js:74:18115
	at a.fire (/usr/lib/code-server/vendor/modules/code-oss-dev/out/vs/server/remoteExtensionHostProcess.js:66:1712)
	at b.acceptChunk (/usr/lib/code-server/vendor/modules/code-oss-dev/out/vs/server/remoteExtensionHostProcess.js:74:13328)
	at /usr/lib/code-server/vendor/modules/code-oss-dev/out/vs/server/remoteExtensionHostProcess.js:74:12676
	at a.fire (/usr/lib/code-server/vendor/modules/code-oss-dev/out/vs/server/remoteExtensionHostProcess.js:66:1712)
	at /usr/lib/code-server/vendor/modules/code-oss-dev/out/vs/server/remoteExtensionHostProcess.js:114:19664
	at afterWrite (internal/streams/writable.js:466:5)
	at onwrite (internal/streams/writable.js:446:7)
	at InflateRaw.afterTransform (internal/streams/transform.js:103:3)
	at Zlib.processCallback (zlib.js:607:8)
[2022-10-30 11:24:42.361] [exthost] [error] [ms-python.python] provider FAILED
[2022-10-30 11:24:42.361] [exthost] [error] Error: Unable to retrieve document from URI 'file:///mnt/code/app.py'
	at I.getDocument (/usr/lib/code-server/vendor/modules/code-oss-dev/out/vs/server/remoteExtensionHostProcess.js:95:70576)
	at c.provideHover (/usr/lib/code-server/vendor/modules/code-oss-dev/out/vs/server/remoteExtensionHostProcess.js:95:90836)
	at /usr/lib/code-server/vendor/modules/code-oss-dev/out/vs/server/remoteExtensionHostProcess.js:95:114943
	at xe._withAdapter (/usr/lib/code-server/vendor/modules/code-oss-dev/out/vs/server/remoteExtensionHostProcess.js:95:111762)
	at xe.$provideHover (/usr/lib/code-server/vendor/modules/code-oss-dev/out/vs/server/remoteExtensionHostProcess.js:95:114921)
	at t._doInvokeHandler (/usr/lib/code-server/vendor/modules/code-oss-dev/out/vs/server/remoteExtensionHostProcess.js:99:13802)
	at t._invokeHandler (/usr/lib/code-server/vendor/modules/code-oss-dev/out/vs/server/remoteExtensionHostProcess.js:99:13486)
	at t._receiveRequest (/usr/lib/code-server/vendor/modules/code-oss-dev/out/vs/server/remoteExtensionHostProcess.js:99:12097)
	at t._receiveOneMessage (/usr/lib/code-server/vendor/modules/code-oss-dev/out/vs/server/remoteExtensionHostProcess.js:99:10826)
	at /usr/lib/code-server/vendor/modules/code-oss-dev/out/vs/server/remoteExtensionHostProcess.js:99:8922
	at a.fire (/usr/lib/code-server/vendor/modules/code-oss-dev/out/vs/server/remoteExtensionHostProcess.js:66:1712)
	at P.fire (/usr/lib/code-server/vendor/modules/code-oss-dev/out/vs/server/remoteExtensionHostProcess.js:74:15967)
	at /usr/lib/code-server/vendor/modules/code-oss-dev/out/vs/server/remoteExtensionHostProcess.js:114:30660
	at a.fire (/usr/lib/code-server/vendor/modules/code-oss-dev/out/vs/server/remoteExtensionHostProcess.js:66:1712)
	at P.fire (/usr/lib/code-server/vendor/modules/code-oss-dev/out/vs/server/remoteExtensionHostProcess.js:74:15967)
	at g._receiveMessage (/usr/lib/code-server/vendor/modules/code-oss-dev/out/vs/server/remoteExtensionHostProcess.js:74:21237)
	at /usr/lib/code-server/vendor/modules/code-oss-dev/out/vs/server/remoteExtensionHostProcess.js:74:18115
	at a.fire (/usr/lib/code-server/vendor/modules/code-oss-dev/out/vs/server/remoteExtensionHostProcess.js:66:1712)
	at b.acceptChunk (/usr/lib/code-server/vendor/modules/code-oss-dev/out/vs/server/remoteExtensionHostProcess.js:74:13328)
	at /usr/lib/code-server/vendor/modules/code-oss-dev/out/vs/server/remoteExtensionHostProcess.js:74:12676
	at a.fire (/usr/lib/code-server/vendor/modules/code-oss-dev/out/vs/server/remoteExtensionHostProcess.js:66:1712)
	at /usr/lib/code-server/vendor/modules/code-oss-dev/out/vs/server/remoteExtensionHostProcess.js:114:19664
	at afterWrite (internal/streams/writable.js:466:5)
	at onwrite (internal/streams/writable.js:446:7)
	at InflateRaw.afterTransform (internal/streams/transform.js:103:3)
	at Zlib.processCallback (zlib.js:607:8)
