[2022-10-29 22:53:40.771] [exthost] [info] Extension host with pid 377 started
[2022-10-29 22:53:40.773] [exthost] [error] Error: EEXIST: file already exists, open '/mnt/code/.vscode/User/workspaceStorage/64685498/vscode.lock'
[2022-10-29 22:53:40.773] [exthost] [info] Lock '/mnt/code/.vscode/User/workspaceStorage/64685498/vscode.lock': Could not acquire lock, checking if the file is stale.
[2022-10-29 22:53:40.775] [exthost] [info] Lock '/mnt/code/.vscode/User/workspaceStorage/64685498/vscode.lock': The pid 984 appears to be gone.
[2022-10-29 22:53:40.775] [exthost] [info] Lock '/mnt/code/.vscode/User/workspaceStorage/64685498/vscode.lock': Deleting a stale lock.
[2022-10-29 22:53:40.778] [exthost] [info] Lock '/mnt/code/.vscode/User/workspaceStorage/64685498/vscode.lock': Lock acquired.
[2022-10-29 22:53:41.037] [exthost] [info] ExtensionService#_doActivateExtension vscode.html-language-features, startup: false, activationEvent: 'onLanguage:html'
[2022-10-29 22:53:41.090] [exthost] [info] ExtensionService#_doActivateExtension vscode.debug-auto-launch, startup: true, activationEvent: '*'
[2022-10-29 22:53:41.094] [exthost] [info] ExtensionService#_doActivateExtension vscode.git-base, startup: true, activationEvent: '*', root cause: vscode.github
[2022-10-29 22:53:41.099] [exthost] [info] ExtensionService#_doActivateExtension vscode.npm, startup: true, activationEvent: 'workspaceContains:package.json'
[2022-10-29 22:53:41.125] [exthost] [info] ExtensionService#_doActivateExtension ms-python.python, startup: true, activationEvent: 'workspaceContains:requirements.txt'
[2022-10-29 22:53:42.058] [exthost] [info] ExtensionService#_doActivateExtension vscode.git, startup: true, activationEvent: '*'
[2022-10-29 22:53:42.133] [exthost] [info] ExtensionService#_doActivateExtension vscode.github, startup: true, activationEvent: '*'
[2022-10-29 22:53:43.510] [exthost] [info] ExtensionService#_doActivateExtension vscode.emmet, startup: false, activationEvent: 'onStartupFinished'
[2022-10-29 22:53:43.605] [exthost] [info] ExtensionService#_doActivateExtension vscode.merge-conflict, startup: false, activationEvent: 'onStartupFinished'
[2022-10-29 22:53:43.608] [exthost] [info] Eager extensions activated
[2022-10-29 23:39:32.627] [exthost] [info] ExtensionService#_doActivateExtension ms-toolsai.jupyter, startup: false, activationEvent: 'onLanguage:python'
[2022-10-29 23:58:19.143] [exthost] [info] ExtensionService#_doActivateExtension vscode.typescript-language-features, startup: false, activationEvent: 'onLanguage:typescript'
[2022-10-30 00:28:09.162] [exthost] [info] extension host terminating: received terminate message from renderer
[2022-10-30 00:28:09.163] [exthost] [info] Lock '/mnt/code/.vscode/User/workspaceStorage/64685498/vscode.lock': Marking the lockfile as scheduled to be released in 6000 ms.
[2022-10-30 00:28:09.194] [exthost] [info] Extension host with pid 377 exiting with code 0
